Log file open, 10/06/20 09:39:40
LogInit: Display: Running engine for game: Pong
LogPlatformFile: Not using cached read wrapper
LogTaskGraph: Started task graph with 5 named threads and 23 total threads with 3 sets of task threads.
LogStats: Stats thread started at 0.304099
LogD3D11RHI: Loaded GFSDK_Aftermath_Lib.x64.dll
LogICUInternationalization: ICU TimeZone Detection - Raw Offset: -6:00, Platform Override: ''
LogPluginManager: Mounting plugin Paper2D
LogPluginManager: Mounting plugin AISupport
LogPluginManager: Mounting plugin LightPropagationVolume
LogPluginManager: Mounting plugin CameraShakePreviewer
LogPluginManager: Mounting plugin ActorLayerUtilities
LogPluginManager: Mounting plugin AnimationSharing
LogPluginManager: Mounting plugin CLionSourceCodeAccess
LogPluginManager: Mounting plugin CodeLiteSourceCodeAccess
LogPluginManager: Mounting plugin GitSourceControl
LogPluginManager: Mounting plugin KDevelopSourceCodeAccess
LogPluginManager: Mounting plugin NullSourceCodeAccess
LogPluginManager: Mounting plugin PerforceSourceControl
LogPluginManager: Mounting plugin PlasticSourceControl
LogPluginManager: Mounting plugin RiderSourceCodeAccess
LogPluginManager: Mounting plugin SubversionSourceControl
LogPluginManager: Mounting plugin UObjectPlugin
LogPluginManager: Mounting plugin VisualStudioCodeSourceCodeAccess
LogPluginManager: Mounting plugin VisualStudioSourceCodeAccess
LogPluginManager: Mounting plugin XCodeSourceCodeAccess
LogPluginManager: Mounting plugin AssetManagerEditor
LogPluginManager: Mounting plugin CryptoKeys
LogPluginManager: Mounting plugin CurveEditorTools
LogPluginManager: Mounting plugin DataValidation
LogPluginManager: Mounting plugin EditorScriptingUtilities
LogPluginManager: Mounting plugin FacialAnimation
LogPluginManager: Mounting plugin GameplayTagsEditor
LogPluginManager: Mounting plugin GeometryMode
LogPluginManager: Mounting plugin MacGraphicsSwitching
LogPluginManager: Mounting plugin MaterialAnalyzer
LogPluginManager: Mounting plugin MobileLauncherProfileWizard
LogPluginManager: Mounting plugin PluginBrowser
LogPluginManager: Mounting plugin SpeedTreeImporter
LogPluginManager: Mounting plugin DatasmithContent
LogPluginManager: Mounting plugin VariantManagerContent
LogPluginManager: Mounting plugin AlembicImporter
LogPluginManager: Mounting plugin AutomationUtils
LogPluginManager: Mounting plugin BackChannel
LogPluginManager: Mounting plugin ChaosCloth
LogPluginManager: Mounting plugin ChaosClothEditor
LogPluginManager: Mounting plugin ChaosEditor
LogPluginManager: Mounting plugin ChaosNiagara
LogPluginManager: Mounting plugin ChaosSolverPlugin
LogPluginManager: Mounting plugin CharacterAI
LogPluginManager: Mounting plugin GeometryCache
LogPluginManager: Mounting plugin GeometryCollectionPlugin
LogPluginManager: Mounting plugin GeometryProcessing
LogPluginManager: Mounting plugin PlanarCut
LogPluginManager: Mounting plugin PlatformCrypto
LogPluginManager: Mounting plugin ProxyLODPlugin
LogPluginManager: Mounting plugin SkeletalReduction
LogPluginManager: Mounting plugin Niagara
LogPluginManager: Mounting plugin MagicLeap
LogPluginManager: Mounting plugin MagicLeapLightEstimation
LogPluginManager: Mounting plugin MagicLeapMedia
LogPluginManager: Mounting plugin MagicLeapPassableWorld
LogPluginManager: Mounting plugin MLSDK
LogPluginManager: Mounting plugin AndroidMedia
LogPluginManager: Mounting plugin AvfMedia
LogPluginManager: Mounting plugin ImgMedia
LogPluginManager: Mounting plugin MediaCompositing
LogPluginManager: Mounting plugin MediaPlayerEditor
LogPluginManager: Mounting plugin WebMMedia
LogPluginManager: Mounting plugin WmfMedia
LogPluginManager: Mounting plugin MeshPainting
LogPluginManager: Mounting plugin TcpMessaging
LogPluginManager: Mounting plugin UdpMessaging
LogPluginManager: Mounting plugin ActorSequence
LogPluginManager: Mounting plugin LevelSequenceEditor
LogPluginManager: Mounting plugin MatineeToLevelSequence
LogPluginManager: Mounting plugin MovieRenderPipeline
LogPluginManager: Mounting plugin TemplateSequence
LogPluginManager: Mounting plugin NetcodeUnitTest
LogPluginManager: Mounting plugin NUTUnrealEngine4
LogPluginManager: Mounting plugin OnlineSubsystemGooglePlay
LogPluginManager: Mounting plugin OnlineSubsystemIOS
LogPluginManager: Mounting plugin OnlineSubsystem
LogPluginManager: Mounting plugin OnlineSubsystemNull
LogPluginManager: Mounting plugin OnlineSubsystemUtils
LogPluginManager: Mounting plugin LauncherChunkInstaller
LogPluginManager: Mounting plugin AndroidDeviceProfileSelector
LogPluginManager: Mounting plugin AndroidMoviePlayer
LogPluginManager: Mounting plugin AndroidPermission
LogPluginManager: Mounting plugin AppleImageUtils
LogPluginManager: Mounting plugin AppleMoviePlayer
LogPluginManager: Mounting plugin ArchVisCharacter
LogPluginManager: Mounting plugin AssetTags
LogPluginManager: Mounting plugin AudioCapture
LogPluginManager: Mounting plugin CableComponent
LogPluginManager: Mounting plugin CustomMeshComponent
LogPluginManager: Mounting plugin EditableMesh
LogPluginManager: Mounting plugin ExampleDeviceProfileSelector
LogPluginManager: Mounting plugin GoogleCloudMessaging
LogPluginManager: Mounting plugin GooglePAD
LogPluginManager: Mounting plugin IOSDeviceProfileSelector
LogPluginManager: Mounting plugin LinuxDeviceProfileSelector
LogPluginManager: Mounting plugin LocationServicesBPLibrary
LogPluginManager: Mounting plugin MobilePatchingUtils
LogPluginManager: Mounting plugin OculusVR
LogPluginManager: Mounting plugin PhysXVehicles
LogPluginManager: Mounting plugin PostSplashScreen
LogPluginManager: Mounting plugin ProceduralMeshComponent
LogPluginManager: Mounting plugin RuntimePhysXCooking
LogPluginManager: Mounting plugin SignificanceManager
LogPluginManager: Mounting plugin SoundFields
LogPluginManager: Mounting plugin SteamVR
LogPluginManager: Mounting plugin Synthesis
LogPluginManager: Mounting plugin WebMMoviePlayer
LogPluginManager: Mounting plugin WindowsMoviePlayer
LogPluginManager: Mounting plugin ScreenshotTools
LogInit: Using libcurl 7.55.1-DEV
LogInit:  - built for x86_64-pc-win32
LogInit:  - supports SSL with OpenSSL/1.1.1
LogInit:  - supports HTTP deflate (compression) using libz 1.2.8
LogInit:  - other features:
LogInit:      CURL_VERSION_SSL
LogInit:      CURL_VERSION_LIBZ
LogInit:      CURL_VERSION_IPV6
LogInit:      CURL_VERSION_ASYNCHDNS
LogInit:      CURL_VERSION_LARGEFILE
LogInit:      CURL_VERSION_IDN
LogInit:  CurlRequestOptions (configurable via config and command line):
LogInit:  - bVerifyPeer = true  - Libcurl will verify peer certificate
LogInit:  - bUseHttpProxy = false  - Libcurl will NOT use HTTP proxy
LogInit:  - bDontReuseConnections = false  - Libcurl will reuse connections
LogInit:  - MaxHostConnections = 16  - Libcurl will limit the number of connections to a host
LogInit:  - LocalHostAddr = Default
LogInit:  - BufferSize = 65536
LogOnline: OSS: Creating online subsystem instance for: NULL
LogInit: WinSock: version 1.1 (2.2), MaxSocks=32767, MaxUdp=65467
LogOnline: OSS: TryLoadSubsystemAndSetDefault: Loaded subsystem for module [NULL]
LogInit: Build: ++UE4+Release-4.25-CL-13942748
LogInit: Engine Version: 4.25.3-13942748+++UE4+Release-4.25
LogInit: Compatible Engine Version: 4.25.0-13144385+++UE4+Release-4.25
LogInit: Net CL: 13144385
LogInit: OS: Windows 10 (Release 1909) (), CPU: AMD Ryzen 5 3550H with Radeon Vega Mobile Gfx  , GPU: AMD Radeon(TM) Vega 8 Graphics
LogInit: Compiled (64-bit): Jul 25 2020 02:07:48
LogInit: Compiled with Visual C++: 19.24.28315.00
LogInit: Build Configuration: Development
LogInit: Branch Name: ++UE4+Release-4.25
LogInit: Command Line: 
LogInit: Base Directory: C:/Program Files/Epic Games/UE_4.25/Engine/Binaries/Win64/
LogInit: Allocator: TBB
LogInit: Installed Engine Build: 1
LogDevObjectVersion: Number of dev versions registered: 26
LogDevObjectVersion:   Dev-Blueprints (B0D832E4-1F89-4F0D-ACCF-7EB736FD4AA2): 10
LogDevObjectVersion:   Dev-Build (E1C64328-A22C-4D53-A36C-8E866417BD8C): 0
LogDevObjectVersion:   Dev-Core (375EC13C-06E4-48FB-B500-84F0262A717E): 4
LogDevObjectVersion:   Dev-Editor (E4B068ED-F494-42E9-A231-DA0B2E46BB41): 38
LogDevObjectVersion:   Dev-Framework (CFFC743F-43B0-4480-9391-14DF171D2073): 37
LogDevObjectVersion:   Dev-Mobile (B02B49B5-BB20-44E9-A304-32B752E40360): 2
LogDevObjectVersion:   Dev-Networking (A4E4105C-59A1-49B5-A7C5-40C4547EDFEE): 0
LogDevObjectVersion:   Dev-Online (39C831C9-5AE6-47DC-9A44-9C173E1C8E7C): 0
LogDevObjectVersion:   Dev-Physics (78F01B33-EBEA-4F98-B9B4-84EACCB95AA2): 4
LogDevObjectVersion:   Dev-Platform (6631380F-2D4D-43E0-8009-CF276956A95A): 0
LogDevObjectVersion:   Dev-Rendering (12F88B9F-8875-4AFC-A67C-D90C383ABD29): 43
LogDevObjectVersion:   Dev-Sequencer (7B5AE74C-D270-4C10-A958-57980B212A5A): 12
LogDevObjectVersion:   Dev-VR (D7296918-1DD6-4BDD-9DE2-64A83CC13884): 3
LogDevObjectVersion:   Dev-LoadTimes (C2A15278-BFE7-4AFE-6C17-90FF531DF755): 1
LogDevObjectVersion:   Private-Geometry (6EACA3D4-40EC-4CC1-B786-8BED09428FC5): 3
LogDevObjectVersion:   Dev-AnimPhys (29E575DD-E0A3-4627-9D10-D276232CDCEA): 17
LogDevObjectVersion:   Dev-Anim (AF43A65D-7FD3-4947-9873-3E8ED9C1BB05): 7
LogDevObjectVersion:   Dev-ReflectionCapture (6B266CEC-1EC7-4B8F-A30B-E4D90942FC07): 1
LogDevObjectVersion:   Dev-Automation (0DF73D61-A23F-47EA-B727-89E90C41499A): 1
LogDevObjectVersion:   FortniteMain (601D1886-AC64-4F84-AA16-D3DE0DEAC7D6): 31
LogDevObjectVersion:   Dev-Enterprise (9DFFBCD6-494F-0158-E221-12823C92A888): 10
LogDevObjectVersion:   Dev-Niagara (F2AED0AC-9AFE-416F-8664-AA7FFA26D6FC): 1
LogDevObjectVersion:   Dev-Destruction (174F1F0B-B4C6-45A5-B13F-2EE8D0FB917D): 10
LogDevObjectVersion:   Dev-Physics-Ext (35F94A83-E258-406C-A318-09F59610247C): 37
LogDevObjectVersion:   Dev-PhysicsMaterial-Chaos (B68FC16E-8B1B-42E2-B453-215C058844FE): 1
LogDevObjectVersion:   Dev-CineCamera (B2E18506-4273-CFC2-A54E-F4BB758BBA07): 1
LogInit: Presizing for max 25165824 objects, including 0 objects not considered by GC, pre-allocating 0 bytes for permanent pool.
LogConfig: Applying CVar settings from Section [/Script/Engine.StreamingSettings] File [C:/Users/dangv/Documents/Github Repositories/Unreal/Pong/UE4Pong_CurrentVersion/Pong/Saved/Config/Windows/Engine.ini]
LogConfig: Setting CVar [[s.MinBulkDataSizeForAsyncLoading:131072]]
LogConfig: Setting CVar [[s.AsyncLoadingThreadEnabled:0]]
LogConfig: Setting CVar [[s.EventDrivenLoaderEnabled:1]]
LogConfig: Setting CVar [[s.WarnIfTimeLimitExceeded:0]]
LogConfig: Setting CVar [[s.TimeLimitExceededMultiplier:1.5]]
LogConfig: Setting CVar [[s.TimeLimitExceededMinTime:0.005]]
LogConfig: Setting CVar [[s.UseBackgroundLevelStreaming:1]]
LogConfig: Setting CVar [[s.PriorityAsyncLoadingExtraTime:15.0]]
LogConfig: Setting CVar [[s.LevelStreamingActorsUpdateTimeLimit:5.0]]
LogConfig: Setting CVar [[s.PriorityLevelStreamingActorsUpdateExtraTime:5.0]]
LogConfig: Setting CVar [[s.LevelStreamingComponentsRegistrationGranularity:10]]
LogConfig: Setting CVar [[s.UnregisterComponentsTimeLimit:1.0]]
LogConfig: Setting CVar [[s.LevelStreamingComponentsUnregistrationGranularity:5]]
LogConfig: Setting CVar [[s.FlushStreamingOnExit:1]]
LogInit: Object subsystem initialized
LogConfig: Setting CVar [[con.DebugEarlyDefault:1]]
LogConfig: Setting CVar [[r.setres:1280x720]]
[2020.10.06-14.39.41:613][  0]LogConfig: Setting CVar [[r.VSync:0]]
[2020.10.06-14.39.41:613][  0]LogConfig: Setting CVar [[r.RHICmdBypass:0]]
[2020.10.06-14.39.41:613][  0]LogConfig: Applying CVar settings from Section [/Script/Engine.RendererSettings] File [C:/Users/dangv/Documents/Github Repositories/Unreal/Pong/UE4Pong_CurrentVersion/Pong/Saved/Config/Windows/Engine.ini]
[2020.10.06-14.39.41:613][  0]LogConfig: Setting CVar [[r.GPUCrashDebugging:0]]
[2020.10.06-14.39.41:613][  0]LogConfig: Applying CVar settings from Section [/Script/Engine.RendererOverrideSettings] File [C:/Users/dangv/Documents/Github Repositories/Unreal/Pong/UE4Pong_CurrentVersion/Pong/Saved/Config/Windows/Engine.ini]
[2020.10.06-14.39.41:613][  0]LogConfig: Applying CVar settings from Section [/Script/Engine.StreamingSettings] File [C:/Users/dangv/Documents/Github Repositories/Unreal/Pong/UE4Pong_CurrentVersion/Pong/Saved/Config/Windows/Engine.ini]
[2020.10.06-14.39.41:613][  0]LogConfig: Setting CVar [[s.MinBulkDataSizeForAsyncLoading:131072]]
[2020.10.06-14.39.41:613][  0]LogConfig: Setting CVar [[s.AsyncLoadingThreadEnabled:0]]
[2020.10.06-14.39.41:613][  0]LogConfig: Setting CVar [[s.EventDrivenLoaderEnabled:1]]
[2020.10.06-14.39.41:613][  0]LogConfig: Setting CVar [[s.WarnIfTimeLimitExceeded:0]]
[2020.10.06-14.39.41:613][  0]LogConfig: Setting CVar [[s.TimeLimitExceededMultiplier:1.5]]
[2020.10.06-14.39.41:613][  0]LogConfig: Setting CVar [[s.TimeLimitExceededMinTime:0.005]]
[2020.10.06-14.39.41:613][  0]LogConfig: Setting CVar [[s.UseBackgroundLevelStreaming:1]]
[2020.10.06-14.39.41:613][  0]LogConfig: Setting CVar [[s.PriorityAsyncLoadingExtraTime:15.0]]
[2020.10.06-14.39.41:613][  0]LogConfig: Setting CVar [[s.LevelStreamingActorsUpdateTimeLimit:5.0]]
[2020.10.06-14.39.41:613][  0]LogConfig: Setting CVar [[s.PriorityLevelStreamingActorsUpdateExtraTime:5.0]]
[2020.10.06-14.39.41:613][  0]LogConfig: Setting CVar [[s.LevelStreamingComponentsRegistrationGranularity:10]]
[2020.10.06-14.39.41:613][  0]LogConfig: Setting CVar [[s.UnregisterComponentsTimeLimit:1.0]]
[2020.10.06-14.39.41:613][  0]LogConfig: Setting CVar [[s.LevelStreamingComponentsUnregistrationGranularity:5]]
[2020.10.06-14.39.41:613][  0]LogConfig: Setting CVar [[s.FlushStreamingOnExit:1]]
[2020.10.06-14.39.41:613][  0]LogConfig: Applying CVar settings from Section [/Script/Engine.GarbageCollectionSettings] File [C:/Users/dangv/Documents/Github Repositories/Unreal/Pong/UE4Pong_CurrentVersion/Pong/Saved/Config/Windows/Engine.ini]
[2020.10.06-14.39.41:613][  0]LogConfig: Setting CVar [[gc.MaxObjectsNotConsideredByGC:1]]
[2020.10.06-14.39.41:613][  0]LogConfig: Setting CVar [[gc.SizeOfPermanentObjectPool:0]]
[2020.10.06-14.39.41:613][  0]LogConfig: Setting CVar [[gc.FlushStreamingOnGC:0]]
[2020.10.06-14.39.41:613][  0]LogConfig: Setting CVar [[gc.NumRetriesBeforeForcingGC:10]]
[2020.10.06-14.39.41:613][  0]LogConfig: Setting CVar [[gc.AllowParallelGC:1]]
[2020.10.06-14.39.41:613][  0]LogConfig: Setting CVar [[gc.TimeBetweenPurgingPendingKillObjects:61.1]]
[2020.10.06-14.39.41:614][  0]LogConfig: Setting CVar [[gc.MaxObjectsInEditor:25165824]]
[2020.10.06-14.39.41:614][  0]LogConfig: Setting CVar [[gc.IncrementalBeginDestroyEnabled:1]]
[2020.10.06-14.39.41:614][  0]LogConfig: Setting CVar [[gc.CreateGCClusters:1]]
[2020.10.06-14.39.41:614][  0]LogConfig: Setting CVar [[gc.MinGCClusterSize:5]]
[2020.10.06-14.39.41:614][  0]LogConfig: Setting CVar [[gc.ActorClusteringEnabled:0]]
[2020.10.06-14.39.41:614][  0]LogConfig: Setting CVar [[gc.BlueprintClusteringEnabled:0]]
[2020.10.06-14.39.41:614][  0]LogConfig: Setting CVar [[gc.UseDisregardForGCOnDedicatedServers:0]]
[2020.10.06-14.39.41:614][  0]LogConfig: Applying CVar settings from Section [/Script/Engine.NetworkSettings] File [C:/Users/dangv/Documents/Github Repositories/Unreal/Pong/UE4Pong_CurrentVersion/Pong/Saved/Config/Windows/Engine.ini]
[2020.10.06-14.39.41:614][  0]LogConfig: Applying CVar settings from Section [/Script/UnrealEd.CookerSettings] File [C:/Users/dangv/Documents/Github Repositories/Unreal/Pong/UE4Pong_CurrentVersion/Pong/Saved/Config/Windows/Engine.ini]
[2020.10.06-14.39.41:617][  0]LogConfig: Applying CVar settings from Section [ViewDistanceQuality@3] File [C:/Users/dangv/Documents/Github Repositories/Unreal/Pong/UE4Pong_CurrentVersion/Pong/Saved/Config/Windows/Scalability.ini]
[2020.10.06-14.39.41:617][  0]LogConfig: Setting CVar [[r.SkeletalMeshLODBias:0]]
[2020.10.06-14.39.41:617][  0]LogConfig: Setting CVar [[r.ViewDistanceScale:1.0]]
[2020.10.06-14.39.41:617][  0]LogConfig: Applying CVar settings from Section [AntiAliasingQuality@3] File [C:/Users/dangv/Documents/Github Repositories/Unreal/Pong/UE4Pong_CurrentVersion/Pong/Saved/Config/Windows/Scalability.ini]
[2020.10.06-14.39.41:617][  0]LogConfig: Setting CVar [[r.PostProcessAAQuality:4]]
[2020.10.06-14.39.41:617][  0]LogConfig: Applying CVar settings from Section [ShadowQuality@3] File [C:/Users/dangv/Documents/Github Repositories/Unreal/Pong/UE4Pong_CurrentVersion/Pong/Saved/Config/Windows/Scalability.ini]
[2020.10.06-14.39.41:617][  0]LogConfig: Setting CVar [[r.LightFunctionQuality:1]]
[2020.10.06-14.39.41:617][  0]LogConfig: Setting CVar [[r.ShadowQuality:5]]
[2020.10.06-14.39.41:617][  0]LogConfig: Setting CVar [[r.Shadow.CSM.MaxCascades:10]]
[2020.10.06-14.39.41:617][  0]LogConfig: Setting CVar [[r.Shadow.MaxResolution:2048]]
[2020.10.06-14.39.41:617][  0]LogConfig: Setting CVar [[r.Shadow.MaxCSMResolution:2048]]
[2020.10.06-14.39.41:617][  0]LogConfig: Setting CVar [[r.Shadow.RadiusThreshold:0.01]]
[2020.10.06-14.39.41:617][  0]LogConfig: Setting CVar [[r.Shadow.DistanceScale:1.0]]
[2020.10.06-14.39.41:617][  0]LogConfig: Setting CVar [[r.Shadow.CSM.TransitionScale:1.0]]
[2020.10.06-14.39.41:617][  0]LogConfig: Setting CVar [[r.Shadow.PreShadowResolutionFactor:1.0]]
[2020.10.06-14.39.41:617][  0]LogConfig: Setting CVar [[r.DistanceFieldShadowing:1]]
[2020.10.06-14.39.41:617][  0]LogConfig: Setting CVar [[r.DistanceFieldAO:1]]
[2020.10.06-14.39.41:617][  0]LogConfig: Setting CVar [[r.AOQuality:2]]
[2020.10.06-14.39.41:617][  0]LogConfig: Setting CVar [[r.VolumetricFog:1]]
[2020.10.06-14.39.41:617][  0]LogConfig: Setting CVar [[r.VolumetricFog.GridPixelSize:8]]
[2020.10.06-14.39.41:617][  0]LogConfig: Setting CVar [[r.VolumetricFog.GridSizeZ:128]]
[2020.10.06-14.39.41:617][  0]LogConfig: Setting CVar [[r.VolumetricFog.HistoryMissSupersampleCount:4]]
[2020.10.06-14.39.41:617][  0]LogConfig: Setting CVar [[r.LightMaxDrawDistanceScale:1]]
[2020.10.06-14.39.41:617][  0]LogConfig: Setting CVar [[r.CapsuleShadows:1]]
[2020.10.06-14.39.41:618][  0]LogConfig: Applying CVar settings from Section [PostProcessQuality@3] File [C:/Users/dangv/Documents/Github Repositories/Unreal/Pong/UE4Pong_CurrentVersion/Pong/Saved/Config/Windows/Scalability.ini]
[2020.10.06-14.39.41:618][  0]LogConfig: Setting CVar [[r.MotionBlurQuality:4]]
[2020.10.06-14.39.41:618][  0]LogConfig: Setting CVar [[r.AmbientOcclusionMipLevelFactor:0.4]]
[2020.10.06-14.39.41:618][  0]LogConfig: Setting CVar [[r.AmbientOcclusionMaxQuality:100]]
[2020.10.06-14.39.41:618][  0]LogConfig: Setting CVar [[r.AmbientOcclusionLevels:-1]]
[2020.10.06-14.39.41:618][  0]LogConfig: Setting CVar [[r.AmbientOcclusionRadiusScale:1.0]]
[2020.10.06-14.39.41:618][  0]LogConfig: Setting CVar [[r.DepthOfFieldQuality:2]]
[2020.10.06-14.39.41:618][  0]LogConfig: Setting CVar [[r.RenderTargetPoolMin:400]]
[2020.10.06-14.39.41:618][  0]LogConfig: Setting CVar [[r.LensFlareQuality:2]]
[2020.10.06-14.39.41:618][  0]LogConfig: Setting CVar [[r.SceneColorFringeQuality:1]]
[2020.10.06-14.39.41:618][  0]LogConfig: Setting CVar [[r.EyeAdaptationQuality:2]]
[2020.10.06-14.39.41:618][  0]LogConfig: Setting CVar [[r.BloomQuality:5]]
[2020.10.06-14.39.41:618][  0]LogConfig: Setting CVar [[r.FastBlurThreshold:100]]
[2020.10.06-14.39.41:618][  0]LogConfig: Setting CVar [[r.Upscale.Quality:3]]
[2020.10.06-14.39.41:618][  0]LogConfig: Setting CVar [[r.Tonemapper.GrainQuantization:1]]
[2020.10.06-14.39.41:618][  0]LogConfig: Setting CVar [[r.LightShaftQuality:1]]
[2020.10.06-14.39.41:618][  0]LogConfig: Setting CVar [[r.Filter.SizeScale:1]]
[2020.10.06-14.39.41:618][  0]LogConfig: Setting CVar [[r.Tonemapper.Quality:5]]
[2020.10.06-14.39.41:618][  0]LogConfig: Setting CVar [[r.DOF.Gather.AccumulatorQuality:1        ; higher gathering accumulator quality]]
[2020.10.06-14.39.41:618][  0]LogConfig: Setting CVar [[r.DOF.Gather.PostfilterMethod:1          ; Median3x3 postfilering method]]
[2020.10.06-14.39.41:618][  0]LogConfig: Setting CVar [[r.DOF.Gather.EnableBokehSettings:0       ; no bokeh simulation when gathering]]
[2020.10.06-14.39.41:618][  0]LogConfig: Setting CVar [[r.DOF.Gather.RingCount:4                 ; medium number of samples when gathering]]
[2020.10.06-14.39.41:618][  0]LogConfig: Setting CVar [[r.DOF.Scatter.ForegroundCompositing:1    ; additive foreground scattering]]
[2020.10.06-14.39.41:618][  0]LogConfig: Setting CVar [[r.DOF.Scatter.BackgroundCompositing:2    ; additive background scattering]]
[2020.10.06-14.39.41:618][  0]LogConfig: Setting CVar [[r.DOF.Scatter.EnableBokehSettings:1      ; bokeh simulation when scattering]]
[2020.10.06-14.39.41:618][  0]LogConfig: Setting CVar [[r.DOF.Scatter.MaxSpriteRatio:0.1         ; only a maximum of 10% of scattered bokeh]]
[2020.10.06-14.39.41:618][  0]LogConfig: Setting CVar [[r.DOF.Recombine.Quality:1                ; cheap slight out of focus]]
[2020.10.06-14.39.41:618][  0]LogConfig: Setting CVar [[r.DOF.Recombine.EnableBokehSettings:0    ; no bokeh simulation on slight out of focus]]
[2020.10.06-14.39.41:618][  0]LogConfig: Setting CVar [[r.DOF.TemporalAAQuality:1                ; more stable temporal accumulation]]
[2020.10.06-14.39.41:618][  0]LogConfig: Setting CVar [[r.DOF.Kernel.MaxForegroundRadius:0.025]]
[2020.10.06-14.39.41:618][  0]LogConfig: Setting CVar [[r.DOF.Kernel.MaxBackgroundRadius:0.025]]
[2020.10.06-14.39.41:618][  0]LogConfig: Applying CVar settings from Section [TextureQuality@3] File [C:/Users/dangv/Documents/Github Repositories/Unreal/Pong/UE4Pong_CurrentVersion/Pong/Saved/Config/Windows/Scalability.ini]
[2020.10.06-14.39.41:618][  0]LogConfig: Setting CVar [[r.Streaming.MipBias:0]]
[2020.10.06-14.39.41:618][  0]LogConfig: Setting CVar [[r.Streaming.AmortizeCPUToGPUCopy:0]]
[2020.10.06-14.39.41:618][  0]LogConfig: Setting CVar [[r.Streaming.MaxNumTexturesToStreamPerFrame:0]]
[2020.10.06-14.39.41:618][  0]LogConfig: Setting CVar [[r.Streaming.Boost:1]]
[2020.10.06-14.39.41:618][  0]LogConfig: Setting CVar [[r.MaxAnisotropy:8]]
[2020.10.06-14.39.41:618][  0]LogConfig: Setting CVar [[r.VT.MaxAnisotropy:8]]
[2020.10.06-14.39.41:618][  0]LogConfig: Setting CVar [[r.Streaming.LimitPoolSizeToVRAM:0]]
[2020.10.06-14.39.41:618][  0]LogConfig: Setting CVar [[r.Streaming.PoolSize:1000]]
[2020.10.06-14.39.41:618][  0]LogConfig: Setting CVar [[r.Streaming.MaxEffectiveScreenSize:0]]
[2020.10.06-14.39.41:618][  0]LogConfig: Applying CVar settings from Section [EffectsQuality@3] File [C:/Users/dangv/Documents/Github Repositories/Unreal/Pong/UE4Pong_CurrentVersion/Pong/Saved/Config/Windows/Scalability.ini]
[2020.10.06-14.39.41:618][  0]LogConfig: Setting CVar [[r.TranslucencyLightingVolumeDim:64]]
[2020.10.06-14.39.41:618][  0]LogConfig: Setting CVar [[r.RefractionQuality:2]]
[2020.10.06-14.39.41:618][  0]LogConfig: Setting CVar [[r.SSR.Quality:3]]
[2020.10.06-14.39.41:618][  0]LogConfig: Setting CVar [[r.SSR.HalfResSceneColor:0]]
[2020.10.06-14.39.41:618][  0]LogConfig: Setting CVar [[r.SceneColorFormat:4]]
[2020.10.06-14.39.41:618][  0]LogConfig: Setting CVar [[r.DetailMode:2]]
[2020.10.06-14.39.41:618][  0]LogConfig: Setting CVar [[r.TranslucencyVolumeBlur:1]]
[2020.10.06-14.39.41:618][  0]LogConfig: Setting CVar [[r.MaterialQualityLevel:1 ; High quality]]
[2020.10.06-14.39.41:618][  0]LogConfig: Setting CVar [[r.SSS.Scale:1]]
[2020.10.06-14.39.41:618][  0]LogConfig: Setting CVar [[r.SSS.SampleSet:2]]
[2020.10.06-14.39.41:618][  0]LogConfig: Setting CVar [[r.SSS.Quality:1]]
[2020.10.06-14.39.41:618][  0]LogConfig: Setting CVar [[r.SSS.HalfRes:0]]
[2020.10.06-14.39.41:619][  0]LogConfig: Setting CVar [[r.SSGI.Quality:3]]
[2020.10.06-14.39.41:619][  0]LogConfig: Setting CVar [[r.EmitterSpawnRateScale:1.0]]
[2020.10.06-14.39.41:619][  0]LogConfig: Setting CVar [[r.ParticleLightQuality:2]]
[2020.10.06-14.39.41:619][  0]LogConfig: Setting CVar [[r.SkyAtmosphere.AerialPerspectiveLUT.FastApplyOnOpaque:1 ; Always have FastSkyLUT 1 in this case to avoid wrong sky]]
[2020.10.06-14.39.41:619][  0]LogConfig: Setting CVar [[r.SkyAtmosphere.AerialPerspectiveLUT.SampleCountPerSlice:1]]
[2020.10.06-14.39.41:619][  0]LogConfig: Setting CVar [[r.SkyAtmosphere.AerialPerspectiveLUT.DepthResolution:16.0]]
[2020.10.06-14.39.41:619][  0]LogConfig: Setting CVar [[r.SkyAtmosphere.FastSkyLUT:1]]
[2020.10.06-14.39.41:619][  0]LogConfig: Setting CVar [[r.SkyAtmosphere.FastSkyLUT.SampleCountMin:4.0]]
[2020.10.06-14.39.41:619][  0]LogConfig: Setting CVar [[r.SkyAtmosphere.FastSkyLUT.SampleCountMax:32.0]]
[2020.10.06-14.39.41:619][  0]LogConfig: Setting CVar [[r.SkyAtmosphere.SampleCountMin:4.0]]
[2020.10.06-14.39.41:619][  0]LogConfig: Setting CVar [[r.SkyAtmosphere.SampleCountMax:32.0]]
[2020.10.06-14.39.41:619][  0]LogConfig: Setting CVar [[r.SkyAtmosphere.TransmittanceLUT.UseSmallFormat:0]]
[2020.10.06-14.39.41:619][  0]LogConfig: Setting CVar [[r.SkyAtmosphere.TransmittanceLUT.SampleCount:10.0]]
[2020.10.06-14.39.41:619][  0]LogConfig: Setting CVar [[r.SkyAtmosphere.MultiScatteringLUT.SampleCount:15.0]]
[2020.10.06-14.39.41:619][  0]LogConfig: Applying CVar settings from Section [FoliageQuality@3] File [C:/Users/dangv/Documents/Github Repositories/Unreal/Pong/UE4Pong_CurrentVersion/Pong/Saved/Config/Windows/Scalability.ini]
[2020.10.06-14.39.41:619][  0]LogConfig: Setting CVar [[foliage.DensityScale:1.0]]
[2020.10.06-14.39.41:619][  0]LogConfig: Setting CVar [[grass.DensityScale:1.0]]
[2020.10.06-14.39.41:619][  0]LogConfig: Applying CVar settings from Section [ShadingQuality@3] File [C:/Users/dangv/Documents/Github Repositories/Unreal/Pong/UE4Pong_CurrentVersion/Pong/Saved/Config/Windows/Scalability.ini]
[2020.10.06-14.39.41:619][  0]LogConfig: Setting CVar [[r.HairStrands.SkyLighting.SampleCount:16]]
[2020.10.06-14.39.41:619][  0]LogConfig: Setting CVar [[r.HairStrands.SkyLighting.JitterIntegration:0]]
[2020.10.06-14.39.41:619][  0]LogConfig: Setting CVar [[r.HairStrands.SkyAO.SampleCount:16]]
[2020.10.06-14.39.41:619][  0]LogConfig: Setting CVar [[r.HairStrands.DeepShadow.SuperSampling:0]]
[2020.10.06-14.39.41:619][  0]LogConfig: Setting CVar [[r.HairStrands.VisibilityPPLL:0]]
[2020.10.06-14.39.41:619][  0]LogConfig: Setting CVar [[r.HairStrands.RasterizationScale:0.5]]
[2020.10.06-14.39.41:619][  0]LogConfig: Setting CVar [[r.HairStrands.VelocityRasterizationScale:1]]
[2020.10.06-14.39.41:619][  0]LogInit: Selected Device Profile: [Windows]
[2020.10.06-14.39.41:619][  0]LogInit: Applying CVar settings loaded from the selected device profile: [Windows]
[2020.10.06-14.39.41:619][  0]LogHAL: Display: Platform has ~ 16 GB [16577216512 / 17179869184 / 16], which maps to Larger [LargestMinGB=32, LargerMinGB=12, DefaultMinGB=8, SmallerMinGB=6, SmallestMinGB=0)
[2020.10.06-14.39.41:619][  0]LogInit: Going up to parent DeviceProfile []
[2020.10.06-14.39.41:619][  0]LogConfig: Applying CVar settings from Section [ViewDistanceQuality@3] File [C:/Users/dangv/Documents/Github Repositories/Unreal/Pong/UE4Pong_CurrentVersion/Pong/Saved/Config/Windows/Scalability.ini]
[2020.10.06-14.39.41:619][  0]LogConfig: Setting CVar [[r.SkeletalMeshLODBias:0]]
[2020.10.06-14.39.41:619][  0]LogConfig: Setting CVar [[r.ViewDistanceScale:1.0]]
[2020.10.06-14.39.41:619][  0]LogConfig: Applying CVar settings from Section [AntiAliasingQuality@3] File [C:/Users/dangv/Documents/Github Repositories/Unreal/Pong/UE4Pong_CurrentVersion/Pong/Saved/Config/Windows/Scalability.ini]
[2020.10.06-14.39.41:619][  0]LogConfig: Setting CVar [[r.PostProcessAAQuality:4]]
[2020.10.06-14.39.41:619][  0]LogConfig: Applying CVar settings from Section [ShadowQuality@3] File [C:/Users/dangv/Documents/Github Repositories/Unreal/Pong/UE4Pong_CurrentVersion/Pong/Saved/Config/Windows/Scalability.ini]
[2020.10.06-14.39.41:619][  0]LogConfig: Setting CVar [[r.LightFunctionQuality:1]]
[2020.10.06-14.39.41:619][  0]LogConfig: Setting CVar [[r.ShadowQuality:5]]
[2020.10.06-14.39.41:619][  0]LogConfig: Setting CVar [[r.Shadow.CSM.MaxCascades:10]]
[2020.10.06-14.39.41:619][  0]LogConfig: Setting CVar [[r.Shadow.MaxResolution:2048]]
[2020.10.06-14.39.41:619][  0]LogConfig: Setting CVar [[r.Shadow.MaxCSMResolution:2048]]
[2020.10.06-14.39.41:619][  0]LogConfig: Setting CVar [[r.Shadow.RadiusThreshold:0.01]]
[2020.10.06-14.39.41:619][  0]LogConfig: Setting CVar [[r.Shadow.DistanceScale:1.0]]
[2020.10.06-14.39.41:619][  0]LogConfig: Setting CVar [[r.Shadow.CSM.TransitionScale:1.0]]
[2020.10.06-14.39.41:620][  0]LogConfig: Setting CVar [[r.Shadow.PreShadowResolutionFactor:1.0]]
[2020.10.06-14.39.41:620][  0]LogConfig: Setting CVar [[r.DistanceFieldShadowing:1]]
[2020.10.06-14.39.41:620][  0]LogConfig: Setting CVar [[r.DistanceFieldAO:1]]
[2020.10.06-14.39.41:620][  0]LogConfig: Setting CVar [[r.AOQuality:2]]
[2020.10.06-14.39.41:620][  0]LogConfig: Setting CVar [[r.VolumetricFog:1]]
[2020.10.06-14.39.41:620][  0]LogConfig: Setting CVar [[r.VolumetricFog.GridPixelSize:8]]
[2020.10.06-14.39.41:620][  0]LogConfig: Setting CVar [[r.VolumetricFog.GridSizeZ:128]]
[2020.10.06-14.39.41:620][  0]LogConfig: Setting CVar [[r.VolumetricFog.HistoryMissSupersampleCount:4]]
[2020.10.06-14.39.41:620][  0]LogConfig: Setting CVar [[r.LightMaxDrawDistanceScale:1]]
[2020.10.06-14.39.41:620][  0]LogConfig: Setting CVar [[r.CapsuleShadows:1]]
[2020.10.06-14.39.41:620][  0]LogConfig: Applying CVar settings from Section [PostProcessQuality@3] File [C:/Users/dangv/Documents/Github Repositories/Unreal/Pong/UE4Pong_CurrentVersion/Pong/Saved/Config/Windows/Scalability.ini]
[2020.10.06-14.39.41:620][  0]LogConfig: Setting CVar [[r.MotionBlurQuality:4]]
[2020.10.06-14.39.41:620][  0]LogConfig: Setting CVar [[r.AmbientOcclusionMipLevelFactor:0.4]]
[2020.10.06-14.39.41:620][  0]LogConfig: Setting CVar [[r.AmbientOcclusionMaxQuality:100]]
[2020.10.06-14.39.41:620][  0]LogConfig: Setting CVar [[r.AmbientOcclusionLevels:-1]]
[2020.10.06-14.39.41:620][  0]LogConfig: Setting CVar [[r.AmbientOcclusionRadiusScale:1.0]]
[2020.10.06-14.39.41:620][  0]LogConfig: Setting CVar [[r.DepthOfFieldQuality:2]]
[2020.10.06-14.39.41:620][  0]LogConfig: Setting CVar [[r.RenderTargetPoolMin:400]]
[2020.10.06-14.39.41:620][  0]LogConfig: Setting CVar [[r.LensFlareQuality:2]]
[2020.10.06-14.39.41:620][  0]LogConfig: Setting CVar [[r.SceneColorFringeQuality:1]]
[2020.10.06-14.39.41:620][  0]LogConfig: Setting CVar [[r.EyeAdaptationQuality:2]]
[2020.10.06-14.39.41:620][  0]LogConfig: Setting CVar [[r.BloomQuality:5]]
[2020.10.06-14.39.41:620][  0]LogConfig: Setting CVar [[r.FastBlurThreshold:100]]
[2020.10.06-14.39.41:620][  0]LogConfig: Setting CVar [[r.Upscale.Quality:3]]
[2020.10.06-14.39.41:620][  0]LogConfig: Setting CVar [[r.Tonemapper.GrainQuantization:1]]
[2020.10.06-14.39.41:620][  0]LogConfig: Setting CVar [[r.LightShaftQuality:1]]
[2020.10.06-14.39.41:620][  0]LogConfig: Setting CVar [[r.Filter.SizeScale:1]]
[2020.10.06-14.39.41:620][  0]LogConfig: Setting CVar [[r.Tonemapper.Quality:5]]
[2020.10.06-14.39.41:620][  0]LogConfig: Setting CVar [[r.DOF.Gather.AccumulatorQuality:1        ; higher gathering accumulator quality]]
[2020.10.06-14.39.41:620][  0]LogConfig: Setting CVar [[r.DOF.Gather.PostfilterMethod:1          ; Median3x3 postfilering method]]
[2020.10.06-14.39.41:620][  0]LogConfig: Setting CVar [[r.DOF.Gather.EnableBokehSettings:0       ; no bokeh simulation when gathering]]
[2020.10.06-14.39.41:620][  0]LogConfig: Setting CVar [[r.DOF.Gather.RingCount:4                 ; medium number of samples when gathering]]
[2020.10.06-14.39.41:620][  0]LogConfig: Setting CVar [[r.DOF.Scatter.ForegroundCompositing:1    ; additive foreground scattering]]
[2020.10.06-14.39.41:620][  0]LogConfig: Setting CVar [[r.DOF.Scatter.BackgroundCompositing:2    ; additive background scattering]]
[2020.10.06-14.39.41:620][  0]LogConfig: Setting CVar [[r.DOF.Scatter.EnableBokehSettings:1      ; bokeh simulation when scattering]]
[2020.10.06-14.39.41:620][  0]LogConfig: Setting CVar [[r.DOF.Scatter.MaxSpriteRatio:0.1         ; only a maximum of 10% of scattered bokeh]]
[2020.10.06-14.39.41:620][  0]LogConfig: Setting CVar [[r.DOF.Recombine.Quality:1                ; cheap slight out of focus]]
[2020.10.06-14.39.41:620][  0]LogConfig: Setting CVar [[r.DOF.Recombine.EnableBokehSettings:0    ; no bokeh simulation on slight out of focus]]
[2020.10.06-14.39.41:620][  0]LogConfig: Setting CVar [[r.DOF.TemporalAAQuality:1                ; more stable temporal accumulation]]
[2020.10.06-14.39.41:620][  0]LogConfig: Setting CVar [[r.DOF.Kernel.MaxForegroundRadius:0.025]]
[2020.10.06-14.39.41:620][  0]LogConfig: Setting CVar [[r.DOF.Kernel.MaxBackgroundRadius:0.025]]
[2020.10.06-14.39.41:620][  0]LogConfig: Applying CVar settings from Section [TextureQuality@3] File [C:/Users/dangv/Documents/Github Repositories/Unreal/Pong/UE4Pong_CurrentVersion/Pong/Saved/Config/Windows/Scalability.ini]
[2020.10.06-14.39.41:620][  0]LogConfig: Setting CVar [[r.Streaming.MipBias:0]]
[2020.10.06-14.39.41:620][  0]LogConfig: Setting CVar [[r.Streaming.AmortizeCPUToGPUCopy:0]]
[2020.10.06-14.39.41:620][  0]LogConfig: Setting CVar [[r.Streaming.MaxNumTexturesToStreamPerFrame:0]]
[2020.10.06-14.39.41:620][  0]LogConfig: Setting CVar [[r.Streaming.Boost:1]]
[2020.10.06-14.39.41:620][  0]LogConfig: Setting CVar [[r.MaxAnisotropy:8]]
[2020.10.06-14.39.41:620][  0]LogConfig: Setting CVar [[r.VT.MaxAnisotropy:8]]
[2020.10.06-14.39.41:620][  0]LogConfig: Setting CVar [[r.Streaming.LimitPoolSizeToVRAM:0]]
[2020.10.06-14.39.41:620][  0]LogConfig: Setting CVar [[r.Streaming.PoolSize:1000]]
[2020.10.06-14.39.41:620][  0]LogConfig: Setting CVar [[r.Streaming.MaxEffectiveScreenSize:0]]
[2020.10.06-14.39.41:620][  0]LogConfig: Applying CVar settings from Section [EffectsQuality@3] File [C:/Users/dangv/Documents/Github Repositories/Unreal/Pong/UE4Pong_CurrentVersion/Pong/Saved/Config/Windows/Scalability.ini]
[2020.10.06-14.39.41:620][  0]LogConfig: Setting CVar [[r.TranslucencyLightingVolumeDim:64]]
[2020.10.06-14.39.41:621][  0]LogConfig: Setting CVar [[r.RefractionQuality:2]]
[2020.10.06-14.39.41:621][  0]LogConfig: Setting CVar [[r.SSR.Quality:3]]
[2020.10.06-14.39.41:621][  0]LogConfig: Setting CVar [[r.SSR.HalfResSceneColor:0]]
[2020.10.06-14.39.41:621][  0]LogConfig: Setting CVar [[r.SceneColorFormat:4]]
[2020.10.06-14.39.41:621][  0]LogConfig: Setting CVar [[r.DetailMode:2]]
[2020.10.06-14.39.41:621][  0]LogConfig: Setting CVar [[r.TranslucencyVolumeBlur:1]]
[2020.10.06-14.39.41:621][  0]LogConfig: Setting CVar [[r.MaterialQualityLevel:1 ; High quality]]
[2020.10.06-14.39.41:621][  0]LogConfig: Setting CVar [[r.SSS.Scale:1]]
[2020.10.06-14.39.41:621][  0]LogConfig: Setting CVar [[r.SSS.SampleSet:2]]
[2020.10.06-14.39.41:621][  0]LogConfig: Setting CVar [[r.SSS.Quality:1]]
[2020.10.06-14.39.41:621][  0]LogConfig: Setting CVar [[r.SSS.HalfRes:0]]
[2020.10.06-14.39.41:621][  0]LogConfig: Setting CVar [[r.SSGI.Quality:3]]
[2020.10.06-14.39.41:621][  0]LogConfig: Setting CVar [[r.EmitterSpawnRateScale:1.0]]
[2020.10.06-14.39.41:621][  0]LogConfig: Setting CVar [[r.ParticleLightQuality:2]]
[2020.10.06-14.39.41:621][  0]LogConfig: Setting CVar [[r.SkyAtmosphere.AerialPerspectiveLUT.FastApplyOnOpaque:1 ; Always have FastSkyLUT 1 in this case to avoid wrong sky]]
[2020.10.06-14.39.41:621][  0]LogConfig: Setting CVar [[r.SkyAtmosphere.AerialPerspectiveLUT.SampleCountPerSlice:1]]
[2020.10.06-14.39.41:621][  0]LogConfig: Setting CVar [[r.SkyAtmosphere.AerialPerspectiveLUT.DepthResolution:16.0]]
[2020.10.06-14.39.41:621][  0]LogConfig: Setting CVar [[r.SkyAtmosphere.FastSkyLUT:1]]
[2020.10.06-14.39.41:621][  0]LogConfig: Setting CVar [[r.SkyAtmosphere.FastSkyLUT.SampleCountMin:4.0]]
[2020.10.06-14.39.41:621][  0]LogConfig: Setting CVar [[r.SkyAtmosphere.FastSkyLUT.SampleCountMax:32.0]]
[2020.10.06-14.39.41:621][  0]LogConfig: Setting CVar [[r.SkyAtmosphere.SampleCountMin:4.0]]
[2020.10.06-14.39.41:621][  0]LogConfig: Setting CVar [[r.SkyAtmosphere.SampleCountMax:32.0]]
[2020.10.06-14.39.41:621][  0]LogConfig: Setting CVar [[r.SkyAtmosphere.TransmittanceLUT.UseSmallFormat:0]]
[2020.10.06-14.39.41:621][  0]LogConfig: Setting CVar [[r.SkyAtmosphere.TransmittanceLUT.SampleCount:10.0]]
[2020.10.06-14.39.41:621][  0]LogConfig: Setting CVar [[r.SkyAtmosphere.MultiScatteringLUT.SampleCount:15.0]]
[2020.10.06-14.39.41:621][  0]LogConfig: Applying CVar settings from Section [FoliageQuality@3] File [C:/Users/dangv/Documents/Github Repositories/Unreal/Pong/UE4Pong_CurrentVersion/Pong/Saved/Config/Windows/Scalability.ini]
[2020.10.06-14.39.41:621][  0]LogConfig: Setting CVar [[foliage.DensityScale:1.0]]
[2020.10.06-14.39.41:621][  0]LogConfig: Setting CVar [[grass.DensityScale:1.0]]
[2020.10.06-14.39.41:621][  0]LogConfig: Applying CVar settings from Section [ShadingQuality@3] File [C:/Users/dangv/Documents/Github Repositories/Unreal/Pong/UE4Pong_CurrentVersion/Pong/Saved/Config/Windows/Scalability.ini]
[2020.10.06-14.39.41:621][  0]LogConfig: Setting CVar [[r.HairStrands.SkyLighting.SampleCount:16]]
[2020.10.06-14.39.41:621][  0]LogConfig: Setting CVar [[r.HairStrands.SkyLighting.JitterIntegration:0]]
[2020.10.06-14.39.41:621][  0]LogConfig: Setting CVar [[r.HairStrands.SkyAO.SampleCount:16]]
[2020.10.06-14.39.41:621][  0]LogConfig: Setting CVar [[r.HairStrands.DeepShadow.SuperSampling:0]]
[2020.10.06-14.39.41:621][  0]LogConfig: Setting CVar [[r.HairStrands.VisibilityPPLL:0]]
[2020.10.06-14.39.41:621][  0]LogConfig: Setting CVar [[r.HairStrands.RasterizationScale:0.5]]
[2020.10.06-14.39.41:621][  0]LogConfig: Setting CVar [[r.HairStrands.VelocityRasterizationScale:1]]
[2020.10.06-14.39.41:621][  0]LogConfig: Applying CVar settings from Section [Startup] File [../../../Engine/Config/ConsoleVariables.ini]
[2020.10.06-14.39.41:622][  0]LogConfig: Setting CVar [[net.UseAdaptiveNetUpdateFrequency:0]]
[2020.10.06-14.39.41:622][  0]LogConfig: Setting CVar [[p.chaos.AllowCreatePhysxBodies:1]]
[2020.10.06-14.39.41:622][  0]LogConfig: Setting CVar [[fx.SkipVectorVMBackendOptimizations:1]]
[2020.10.06-14.39.41:622][  0]LogConfig: Applying CVar settings from Section [ConsoleVariables] File [C:/Users/dangv/Documents/Github Repositories/Unreal/Pong/UE4Pong_CurrentVersion/Pong/Saved/Config/Windows/Engine.ini]
[2020.10.06-14.39.41:622][  0]LogInit: Computer: LAPTOP-NLO8O233
[2020.10.06-14.39.41:622][  0]LogInit: User: dangv
[2020.10.06-14.39.41:622][  0]LogInit: CPU Page size=4096, Cores=4
[2020.10.06-14.39.41:622][  0]LogInit: High frequency timer resolution =10.000000 MHz
[2020.10.06-14.39.41:622][  0]LogMemory: Memory total: Physical=15.4GB (16GB approx)
[2020.10.06-14.39.41:622][  0]LogMemory: Platform Memory Stats for Windows
[2020.10.06-14.39.41:622][  0]LogMemory: Process Physical Memory: 113.51 MB used, 113.52 MB peak
[2020.10.06-14.39.41:622][  0]LogMemory: Process Virtual Memory: 95.95 MB used, 95.95 MB peak
[2020.10.06-14.39.41:622][  0]LogMemory: Physical Memory: 8600.25 MB used,  7209.01 MB free, 15809.27 MB total
[2020.10.06-14.39.41:622][  0]LogMemory: Virtual Memory: 5143.14 MB used,  134212584.00 MB free, 134217728.00 MB total
[2020.10.06-14.39.41:630][  0]LogWindows: WindowsPlatformFeatures enabled
[2020.10.06-14.39.41:686][  0]LogInit: Physics initialised using underlying interface: PhysX
[2020.10.06-14.39.41:688][  0]LogInit: Using OS detected language (en-US).
[2020.10.06-14.39.41:688][  0]LogInit: Using OS detected locale (en-US).
[2020.10.06-14.39.41:693][  0]LogTextLocalizationManager: No specific localization for 'en-US' exists, so the 'en' localization will be used.
[2020.10.06-14.39.41:960][  0]LogInit: Setting process to per monitor DPI aware
[2020.10.06-14.39.42:023][  0]LogSlate: New Slate User Created.  User Index 0, Is Virtual User: 0
[2020.10.06-14.39.42:023][  0]LogSlate: Slate User Registered.  User Index 0, Is Virtual User: 0
[2020.10.06-14.39.42:345][  0]LogHMD: Failed to initialize OpenVR with code 110
[2020.10.06-14.39.42:345][  0]LogD3D11RHI: D3D11 min allowed feature level: 11_0
[2020.10.06-14.39.42:345][  0]LogD3D11RHI: D3D11 max allowed feature level: 11_0
[2020.10.06-14.39.42:345][  0]LogD3D11RHI: D3D11 adapters:
[2020.10.06-14.39.42:460][  0]LogD3D11RHI:    0. 'NVIDIA GeForce GTX 1650' (Feature Level 11_0)
[2020.10.06-14.39.42:460][  0]LogD3D11RHI:       3962/0/7904 MB DedicatedVideo/DedicatedSystem/SharedSystem, Outputs:1, VendorId:0x10de
[2020.10.06-14.39.42:495][  0]LogD3D11RHI:    1. 'AMD Radeon(TM) Vega 8 Graphics' (Feature Level 11_0)
[2020.10.06-14.39.42:495][  0]LogD3D11RHI:       496/0/7904 MB DedicatedVideo/DedicatedSystem/SharedSystem, Outputs:0, VendorId:0x1002
[2020.10.06-14.39.42:498][  0]LogD3D11RHI:    2. 'Microsoft Basic Render Driver' (Feature Level 11_0)
[2020.10.06-14.39.42:498][  0]LogD3D11RHI:       0/0/7904 MB DedicatedVideo/DedicatedSystem/SharedSystem, Outputs:0, VendorId:0x1414
[2020.10.06-14.39.42:498][  0]LogD3D11RHI: Chosen D3D11 Adapter: 0
[2020.10.06-14.39.42:526][  0]LogD3D11RHI: Creating new Direct3DDevice
[2020.10.06-14.39.42:527][  0]LogD3D11RHI:     GPU DeviceId: 0x1f91 (for the marketing name, search the web for "GPU Device Id")
[2020.10.06-14.39.42:527][  0]LogWindows: EnumDisplayDevices:
[2020.10.06-14.39.42:527][  0]LogWindows:    0. 'AMD Radeon(TM) Vega 8 Graphics' (P:1 D:1)
[2020.10.06-14.39.42:527][  0]LogWindows:    1. 'AMD Radeon(TM) Vega 8 Graphics' (P:0 D:0)
[2020.10.06-14.39.42:528][  0]LogWindows:    2. 'AMD Radeon(TM) Vega 8 Graphics' (P:0 D:0)
[2020.10.06-14.39.42:528][  0]LogWindows:    3. 'NVIDIA GeForce GTX 1650' (P:0 D:0)
[2020.10.06-14.39.42:528][  0]LogWindows: DebugString: PrimaryIsNotTheChoosenAdapter PrimaryIsNotTheChoosenAdapter PrimaryIsNotTheChoosenAdapter 
[2020.10.06-14.39.42:528][  0]LogD3D11RHI:     Adapter Name: NVIDIA GeForce GTX 1650
[2020.10.06-14.39.42:528][  0]LogD3D11RHI:   Driver Version: 452.06 (internal:27.21.14.5206, unified:452.06)
[2020.10.06-14.39.42:528][  0]LogD3D11RHI:      Driver Date: 8-12-2020
[2020.10.06-14.39.42:528][  0]LogRHI: Texture pool is 2773 MB (70% of 3962 MB)
[2020.10.06-14.39.42:613][  0]LogD3D11RHI: RHI has support for 64 bit atomics
[2020.10.06-14.39.42:616][  0]LogD3D11RHI: [Aftermath] Enabled and primed
[2020.10.06-14.39.42:616][  0]LogD3D11RHI: Async texture creation enabled
[2020.10.06-14.39.42:616][  0]LogD3D11RHI: Array index from any shader is supported
[2020.10.06-14.39.42:654][  0]LogD3D11RHI: GPU Timing Frequency: 1000.000000 (Debug: 2 2)
[2020.10.06-14.39.43:097][  0]LogTargetPlatformManager: Display: Loaded TargetPlatform 'AllDesktop'
[2020.10.06-14.39.43:126][  0]LogTargetPlatformManager: Display: Loaded TargetPlatform 'Android'
[2020.10.06-14.39.43:126][  0]LogTargetPlatformManager: Display: Loaded TargetPlatform 'Android_ASTC'
[2020.10.06-14.39.43:127][  0]LogTargetPlatformManager: Display: Loaded TargetPlatform 'Android_DXT'
[2020.10.06-14.39.43:127][  0]LogTargetPlatformManager: Display: Loaded TargetPlatform 'Android_ETC2'
[2020.10.06-14.39.43:127][  0]LogTargetPlatformManager: Display: Loaded TargetPlatform 'AndroidClient'
[2020.10.06-14.39.43:127][  0]LogTargetPlatformManager: Display: Loaded TargetPlatform 'Android_ASTCClient'
[2020.10.06-14.39.43:127][  0]LogTargetPlatformManager: Display: Loaded TargetPlatform 'Android_DXTClient'
[2020.10.06-14.39.43:127][  0]LogTargetPlatformManager: Display: Loaded TargetPlatform 'Android_ETC2Client'
[2020.10.06-14.39.43:127][  0]LogTargetPlatformManager: Display: Loaded TargetPlatform 'Android_Multi'
[2020.10.06-14.39.43:127][  0]LogTargetPlatformManager: Display: Loaded TargetPlatform 'Android_MultiClient'
[2020.10.06-14.39.43:167][  0]LogTargetPlatformManager: Display: Loaded TargetPlatform 'IOSClient'
[2020.10.06-14.39.43:167][  0]LogTargetPlatformManager: Display: Loaded TargetPlatform 'IOS'
[2020.10.06-14.39.43:182][  0]LogTargetPlatformManager: Display: Loaded TargetPlatform 'Linux'
[2020.10.06-14.39.43:195][  0]LogTargetPlatformManager: Display: Loaded TargetPlatform 'LinuxNoEditor'
[2020.10.06-14.39.43:208][  0]LogTargetPlatformManager: Display: Loaded TargetPlatform 'LinuxClient'
[2020.10.06-14.39.43:220][  0]LogTargetPlatformManager: Display: Loaded TargetPlatform 'LinuxServer'
[2020.10.06-14.39.43:233][  0]LogTargetPlatformManager: Display: Loaded TargetPlatform 'LinuxAArch64NoEditor'
[2020.10.06-14.39.43:246][  0]LogTargetPlatformManager: Display: Loaded TargetPlatform 'LinuxAArch64Client'
[2020.10.06-14.39.43:258][  0]LogTargetPlatformManager: Display: Loaded TargetPlatform 'LinuxAArch64Server'
[2020.10.06-14.39.43:293][  0]LogTargetPlatformManager: Display: Loaded TargetPlatform 'Lumin'
[2020.10.06-14.39.43:294][  0]LogTargetPlatformManager: Display: Loaded TargetPlatform 'LuminClient'
[2020.10.06-14.39.43:315][  0]LogTargetPlatformManager: Display: Loaded TargetPlatform 'TVOSClient'
[2020.10.06-14.39.43:315][  0]LogTargetPlatformManager: Display: Loaded TargetPlatform 'TVOS'
[2020.10.06-14.39.43:328][  0]LogTargetPlatformManager: Display: Loaded TargetPlatform 'WindowsNoEditor'
[2020.10.06-14.39.43:352][  0]LogTargetPlatformManager: Display: Loaded TargetPlatform 'Windows'
[2020.10.06-14.39.43:381][  0]LogTargetPlatformManager: Display: Loaded TargetPlatform 'WindowsClient'
[2020.10.06-14.39.43:393][  0]LogTargetPlatformManager: Display: Loaded TargetPlatform 'WindowsServer'
[2020.10.06-14.39.43:393][  0]LogTargetPlatformManager: Display: Building Assets For Windows
[2020.10.06-14.39.43:406][  0]LogAudioDebug: Display: Lib vorbis DLL was dynamically loaded.
[2020.10.06-14.39.43:514][  0]LogShaderCompilers: Guid format shader working directory is -54 characters bigger than the processId version (../../../../../../Users/dangv/Documents/Github Repositories/Unreal/Pong/UE4Pong_CurrentVersion/Pong/Intermediate/Shaders/WorkingDirectory/24584/).
[2020.10.06-14.39.43:514][  0]LogShaderCompilers: Cleaned the shader compiler working directory 'C:/Users/dangv/AppData/Local/Temp/UnrealShaderWorkingDir/65DF1C3845ABC85F2759C68D6A027906/'.
[2020.10.06-14.39.43:515][  0]LogXGEController: Cleaning working directory: C:/Users/dangv/AppData/Local/Temp/UnrealXGEWorkingDir/
[2020.10.06-14.39.43:515][  0]LogXGEController: Cannot use XGE Controller as Incredibuild is not installed on this machine.
[2020.10.06-14.39.43:515][  0]LogShaderCompilers: Cannot use XGE Shader Compiler as Incredibuild is not installed on this machine.
[2020.10.06-14.39.43:515][  0]LogShaderCompilers: Display: Using Local Shader Compiler.
[2020.10.06-14.39.44:512][  0]LogDerivedDataCache: Display: Max Cache Size: 512 MB
[2020.10.06-14.39.44:570][  0]LogDerivedDataCache: Loaded boot cache 0.06s 75MB C:/Users/dangv/AppData/Local/UnrealEngine/4.25/DerivedDataCache/Boot.ddc.
[2020.10.06-14.39.44:570][  0]LogDerivedDataCache: Display: Loaded Boot cache: C:/Users/dangv/AppData/Local/UnrealEngine/4.25/DerivedDataCache/Boot.ddc
[2020.10.06-14.39.44:571][  0]LogDerivedDataCache: FDerivedDataBackendGraph:  Pak pak cache file ../../../../../../Users/dangv/Documents/Github Repositories/Unreal/Pong/UE4Pong_CurrentVersion/Pong/DerivedDataCache/DDC.ddp not found, will not use a pak cache.
[2020.10.06-14.39.44:571][  0]LogDerivedDataCache: Unable to find inner node Pak for hierarchical cache Hierarchy.
[2020.10.06-14.39.44:571][  0]LogDerivedDataCache: FDerivedDataBackendGraph:  CompressedPak pak cache file ../../../../../../Users/dangv/Documents/Github Repositories/Unreal/Pong/UE4Pong_CurrentVersion/Pong/DerivedDataCache/Compressed.ddp not found, will not use a pak cache.
[2020.10.06-14.39.44:571][  0]LogDerivedDataCache: Unable to find inner node CompressedPak for hierarchical cache Hierarchy.
[2020.10.06-14.39.44:586][  0]LogDerivedDataCache: Display: Pak cache opened for reading ../../../Engine/DerivedDataCache/Compressed.ddp.
[2020.10.06-14.39.44:586][  0]LogDerivedDataCache: FDerivedDataBackendGraph:  EnterprisePak pak cache file ../../../Enterprise/DerivedDataCache/Compressed.ddp not found, will not use a pak cache.
[2020.10.06-14.39.44:586][  0]LogDerivedDataCache: Unable to find inner node EnterprisePak for hierarchical cache Hierarchy.
[2020.10.06-14.39.44:589][  0]LogDerivedDataCache: Using Local data cache path C:/Users/dangv/AppData/Local/UnrealEngine/Common/DerivedDataCache: Writable
[2020.10.06-14.39.44:589][  0]LogDerivedDataCache: Shared data cache path not found in *engine.ini, will not use an Shared cache.
[2020.10.06-14.39.44:589][  0]LogDerivedDataCache: Unable to find inner node Shared for hierarchical cache Hierarchy.
[2020.10.06-14.39.44:663][  0]LogSlate: Using FreeType 2.10.0
[2020.10.06-14.39.44:664][  0]LogSlate: SlateFontServices - WITH_FREETYPE: 1, WITH_HARFBUZZ: 1
[2020.10.06-14.39.44:702][  0]LogAssetRegistry: FAssetRegistry took 0.0032 seconds to start up
[2020.10.06-14.39.45:038][  0]LogInit: Selected Device Profile: [Windows]
[2020.10.06-14.39.45:179][  0]LogMeshReduction: Using QuadricMeshReduction for automatic static mesh reduction
[2020.10.06-14.39.45:179][  0]LogMeshReduction: Using SimplygonMeshReduction for automatic skeletal mesh reduction
[2020.10.06-14.39.45:179][  0]LogMeshReduction: Using ProxyLODMeshReduction for automatic mesh merging
[2020.10.06-14.39.45:179][  0]LogMeshReduction: No distributed automatic mesh merging module available
[2020.10.06-14.39.45:179][  0]LogMeshMerging: No distributed automatic mesh merging module available
[2020.10.06-14.39.45:215][  0]LogNetVersion: Pong 1.0.0, NetCL: 13144385, EngineNetVer: 14, GameNetVer: 0 (Checksum: 1882498295)
[2020.10.06-14.39.45:832][  0]LogAISub: UAISubsystem::UAISubsystem AISubsystem (000001EB50787600), frame # 0
[2020.10.06-14.39.45:832][  0]LogAISub: UAISubsystem::UAISubsystem AIPerceptionSystem (000001EB507891C0), frame # 0
[2020.10.06-14.39.45:834][  0]LogAISub: UAISubsystem::UAISubsystem EnvQueryManager (000001EB507D9E00), frame # 0
[2020.10.06-14.39.45:944][  0]LogPackageLocalizationCache: Processed 19 localized package path(s) for 1 prioritized culture(s) in 0.103250 seconds
[2020.10.06-14.39.45:954][  0]LogUObjectArray: 15917 objects as part of root set at end of initial load.
[2020.10.06-14.39.45:954][  0]LogUObjectAllocator: 3965568 out of 0 bytes used by permanent object pool.
[2020.10.06-14.39.45:954][  0]LogUObjectArray: CloseDisregardForGC: 0/0 objects in disregard for GC pool
[2020.10.06-14.39.46:558][  0]LogTcpMessaging: Initializing TcpMessaging bridge
[2020.10.06-14.39.46:565][  0]LogUdpMessaging: Initializing bridge on interface 0.0.0.0:0 to multicast group 230.0.0.1:6666.
[2020.10.06-14.39.46:692][  0]SourceControl: Source control is disabled
[2020.10.06-14.39.46:692][  0]SourceControl: Source control is disabled
[2020.10.06-14.39.46:696][  0]SourceControl: Source control is disabled
[2020.10.06-14.39.46:701][  0]SourceControl: Source control is disabled
[2020.10.06-14.39.46:710][  0]SourceControl: Source control is disabled
[2020.10.06-14.39.47:107][  0]LogAndroidPermission: UAndroidPermissionCallbackProxy::GetInstance
[2020.10.06-14.39.47:137][  0]LogAudioCaptureCore: Display: No Audio Capture implementations found. Audio input will be silent.
[2020.10.06-14.39.47:138][  0]LogAudioCaptureCore: Display: No Audio Capture implementations found. Audio input will be silent.
[2020.10.06-14.39.47:215][  0]LogOcInput: OculusInput pre-init called
[2020.10.06-14.39.47:232][  0]LogWindows: Failed to load 'OVRPlugin.dll' (GetLastError=126)
[2020.10.06-14.39.47:232][  0]LogWindows: File 'OVRPlugin.dll' does not exist
[2020.10.06-14.39.47:320][  0]LogEngine: Initializing Engine...
[2020.10.06-14.39.47:321][  0]LogHMD: Failed to initialize OpenVR with code 110
[2020.10.06-14.39.47:321][  0]LogMagicLeap: Warning: VR disabled because ZI is not enabled.  To enable, in the editor, Edit -> Project Settings -> Plugins -> Magic Leap Plugin -> Enable Zero Iteration
[2020.10.06-14.39.47:323][  0]LogStats: UGameplayTagsManager::InitializeManager -  0.000 s
[2020.10.06-14.39.47:518][  0]LogInit: Initializing FReadOnlyCVARCache
[2020.10.06-14.39.47:532][  0]LogAIModule: Creating AISystem for world Untitled
[2020.10.06-14.39.47:532][  0]LogAISub: UAISubsystem::UAISubsystem EnvQueryManager (000001EB53C07C00), frame # 0
[2020.10.06-14.39.47:532][  0]LogAISub: UAISubsystem::UAISubsystem AIPerceptionSystem (000001EB53C5FB00), frame # 0
[2020.10.06-14.39.47:541][  0]LogAudioMixer: Display: Audio Mixer Platform Settings:
[2020.10.06-14.39.47:541][  0]LogAudioMixer: Display: 	Sample Rate:						  48000
[2020.10.06-14.39.47:541][  0]LogAudioMixer: Display: 	Callback Buffer Frame Size Requested: 1024
[2020.10.06-14.39.47:541][  0]LogAudioMixer: Display: 	Callback Buffer Frame Size To Use:	  1024
[2020.10.06-14.39.47:541][  0]LogAudioMixer: Display: 	Number of buffers to queue:			  2
[2020.10.06-14.39.47:541][  0]LogAudioMixer: Display: 	Max Channels (voices):				  32
[2020.10.06-14.39.47:541][  0]LogAudioMixer: Display: 	Number of Async Source Workers:		  0
[2020.10.06-14.39.47:541][  0]LogAudio: Display: AudioDevice MaxSources: 32
[2020.10.06-14.39.47:541][  0]LogAudio: Display: Using built-in audio occlusion.
[2020.10.06-14.39.47:541][  0]LogAudioMixer: Display: Initializing audio mixer.
[2020.10.06-14.39.47:559][  0]LogAudioMixer: Display: 0: FrontLeft
[2020.10.06-14.39.47:559][  0]LogAudioMixer: Display: 1: FrontRight
[2020.10.06-14.39.47:915][  0]LogAudioMixer: Display: Using Audio Device Speakers (Realtek(R) Audio)
[2020.10.06-14.39.47:922][  0]LogAudioMixer: Display: Initializing Sound Submixes...
[2020.10.06-14.39.47:937][  0]LogAudioMixer: Display: Creating Master Submix 'MasterSubmixDefault'
[2020.10.06-14.39.47:937][  0]LogAudioMixer: Display: Creating Master Submix 'MasterReverbSubmixDefault'
[2020.10.06-14.39.47:938][  0]LogAudioMixer: Display: Creating Master Submix 'MasterEQSubmixDefault'
[2020.10.06-14.39.47:940][  0]LogInit: FAudioDevice initialized.
[2020.10.06-14.39.47:940][  0]LogNetVersion: Set ProjectVersion to 1.0.0.0. Version Checksum will be recalculated on next use.
[2020.10.06-14.39.48:036][  0]LogDerivedDataCache: Saved boot cache 0.10s 75MB C:/Users/dangv/AppData/Local/UnrealEngine/4.25/DerivedDataCache/Boot.ddc.
[2020.10.06-14.39.48:038][  0]LogInit: Texture streaming: Enabled
[2020.10.06-14.39.48:086][  0]LogEngineSessionManager: EngineSessionManager initialized
[2020.10.06-14.39.48:086][  0]LogEditorSessionSummary: Verbose: Initializing EditorSessionSummaryWriter for editor session tracking
[2020.10.06-14.39.48:097][  0]LogEditorSessionSummary: EditorSessionSummaryWriter initialized
[2020.10.06-14.39.48:288][  0]LogInit: Transaction tracking system initialized
[2020.10.06-14.39.48:346][  0]BlueprintLog: New page: Editor Load
[2020.10.06-14.39.48:560][  0]LocalizationService: Localization service is disabled
[2020.10.06-14.39.49:036][  0]LogCook: Display: Max memory allowance for cook 16384mb min free memory 0mb
[2020.10.06-14.39.49:036][  0]LogCook: Display: Mobile HDR setting 1
[2020.10.06-14.39.49:296][  0]LogFileCache: Scanning file cache for directory 'C:/Users/dangv/Documents/Github Repositories/Unreal/Pong/UE4Pong_CurrentVersion/Pong/Content/' took 0.00s
[2020.10.06-14.39.49:633][  0]SourceControl: Source control is disabled
[2020.10.06-14.39.49:633][  0]LogUnrealEdMisc: Loading editor; pre map load, took 10.832
[2020.10.06-14.39.49:633][  0]Cmd: MAP LOAD FILE="../../../Engine/Content/Maps/Templates/Template_Default.umap" TEMPLATE=1 SHOWPROGRESS=1 FEATURELEVEL=3
[2020.10.06-14.39.49:634][  0]LightingResults: New page: Lighting Build
[2020.10.06-14.39.49:635][  0]LogWorld: UWorld::CleanupWorld for Untitled, bSessionEnded=true, bCleanupResources=true
[2020.10.06-14.39.49:635][  0]LogSlate: InvalidateAllWidgets triggered.  All widgets were invalidated
[2020.10.06-14.39.49:635][  0]MapCheck: New page: Map Check
[2020.10.06-14.39.49:635][  0]LightingResults: New page: Lighting Build
[2020.10.06-14.39.49:650][  0]LogAISub: UAISubsystem::~UAISubsystem EnvQueryManager (000001EB53C07C00), frame # 0
[2020.10.06-14.39.49:650][  0]LogAISub: UAISubsystem::~UAISubsystem AIPerceptionSystem (000001EB53C5FB00), frame # 0
[2020.10.06-14.39.49:651][  0]LogUObjectHash: Compacting FUObjectHashTables data took   0.86ms
[2020.10.06-14.39.49:770][  0]LogAIModule: Creating AISystem for world Untitled_1
[2020.10.06-14.39.49:770][  0]LogAISub: UAISubsystem::UAISubsystem EnvQueryManager (000001EB432EE400), frame # 0
[2020.10.06-14.39.49:770][  0]LogAISub: UAISubsystem::UAISubsystem AIPerceptionSystem (000001EB4343DBC0), frame # 0
[2020.10.06-14.39.49:779][  0]LogEditorServer: Finished looking for orphan Actors (0.000 secs)
[2020.10.06-14.39.49:804][  0]LogUObjectHash: Compacting FUObjectHashTables data took   2.04ms
[2020.10.06-14.39.49:804][  0]Cmd: MAP CHECKDEP NOCLEARLOG
[2020.10.06-14.39.49:805][  0]MapCheck: Map check complete: 0 Error(s), 0 Warning(s), took 0.583ms to complete.
[2020.10.06-14.39.49:805][  0]LogFileHelpers: Loading map 'Template_Default' took 0.172
[2020.10.06-14.39.49:810][  0]LogUnrealEdMisc: Total Editor Startup Time, took 11.008
[2020.10.06-14.39.50:043][  0]LogSlate: Updating window title bar state: overlay mode, drag disabled, window buttons hidden, title bar hidden
[2020.10.06-14.39.50:052][  0]LogSlate: Updating window title bar state: overlay mode, drag disabled, window buttons hidden, title bar hidden
[2020.10.06-14.39.50:062][  0]LogSlate: Updating window title bar state: overlay mode, drag disabled, window buttons hidden, title bar hidden
[2020.10.06-14.39.50:075][  0]LogSlate: Updating window title bar state: overlay mode, drag disabled, window buttons hidden, title bar hidden
[2020.10.06-14.39.50:093][  0]LogCollectionManager: Loaded 0 collections in 0.002265 seconds
[2020.10.06-14.39.50:142][  0]LogFileCache: Scanning file cache for directory 'C:/Users/dangv/Documents/Github Repositories/Unreal/Pong/UE4Pong_CurrentVersion/Pong/Saved/Collections/' took 0.00s
[2020.10.06-14.39.50:142][  0]LogFileCache: Scanning file cache for directory 'C:/Users/dangv/Documents/Github Repositories/Unreal/Pong/UE4Pong_CurrentVersion/Pong/Content/Developers/dangv/Collections/' took 0.00s
[2020.10.06-14.39.50:142][  0]LogFileCache: Scanning file cache for directory 'C:/Users/dangv/Documents/Github Repositories/Unreal/Pong/UE4Pong_CurrentVersion/Pong/Content/Collections/' took 0.00s
[2020.10.06-14.39.50:142][  0]LogContentBrowser: Native class hierarchy populated in 0.0198 seconds. Added 3427 classes and 821 folders.
[2020.10.06-14.39.50:154][  0]LogContentBrowser: Native class hierarchy updated for 'WidgetCarousel' in 0.0004 seconds. Added 0 classes and 0 folders.
[2020.10.06-14.39.50:343][  0]LogContentBrowser: Native class hierarchy updated for 'AddContentDialog' in 0.0006 seconds. Added 0 classes and 0 folders.
[2020.10.06-14.39.50:348][  0]LogContentBrowser: Native class hierarchy updated for 'SceneOutliner' in 0.0004 seconds. Added 2 classes and 0 folders.
[2020.10.06-14.39.50:677][  0]LogSlate: Took 0.008935 seconds to synchronously load lazily loaded font '../../../Engine/Content/Slate/Fonts/Roboto-Regular.ttf' (155K)
[2020.10.06-14.39.50:692][  0]LogSlate: Took 0.010534 seconds to synchronously load lazily loaded font '../../../Engine/Content/Slate/Fonts/Roboto-Bold.ttf' (160K)
[2020.10.06-14.39.50:732][  0]LogSlate: Took 0.022908 seconds to synchronously load lazily loaded font '../../../Engine/Content/Editor/Slate/Fonts/FontAwesome.ttf' (139K)
[2020.10.06-14.39.50:897][  0]LogRenderer: Reallocating scene render targets to support 716x396 Format 10 NumSamples 1 (Frame:1).
[2020.10.06-14.39.51:174][  0]LogContentBrowser: Native class hierarchy updated for 'HierarchicalLODOutliner' in 0.0005 seconds. Added 0 classes and 0 folders.
[2020.10.06-14.39.51:174][  0]LogLoad: (Engine Initialization) Total time: 12.37 seconds
[2020.10.06-14.39.51:174][  0]LogLoad: (Engine Initialization) Total Blueprint compile time: 0.00 seconds
[2020.10.06-14.39.51:226][  0]LogAssetRegistry: Asset discovery search completed in 6.5263 seconds
[2020.10.06-14.39.51:231][  0]LogCollectionManager: Fixed up redirectors for 0 collections in 0.000003 seconds (updated 0 objects)
[2020.10.06-14.39.51:233][  0]LogContentStreaming: Texture pool size now 1000 MB
[2020.10.06-14.39.51:270][  0]LogSlate: Took 0.004688 seconds to synchronously load lazily loaded font '../../../Engine/Content/Slate/Fonts/Roboto-Light.ttf' (167K)
[2020.10.06-14.39.57:490][161]LogSlate: Took 0.000434 seconds to synchronously load lazily loaded font '../../../Engine/Content/Slate/Fonts/Roboto-Light.ttf' (167K)
[2020.10.06-14.39.57:821][161]LogAssetEditorSubsystem: Opening Asset editor for World /Game/Pong_Map.Pong_Map
[2020.10.06-14.39.57:848][161]LogUObjectHash: Compacting FUObjectHashTables data took   2.15ms
[2020.10.06-14.39.57:855][161]Cmd: MAP LOAD FILE="../../../../../../Users/dangv/Documents/Github Repositories/Unreal/Pong/UE4Pong_CurrentVersion/Pong/Content/Pong_Map.umap" TEMPLATE=0 SHOWPROGRESS=1 FEATURELEVEL=3
[2020.10.06-14.39.57:855][161]LightingResults: New page: Lighting Build
[2020.10.06-14.39.57:855][161]LoadErrors: New page: Loading map: Pong_Map.umap
[2020.10.06-14.39.57:856][161]LogWorld: UWorld::CleanupWorld for Untitled_1, bSessionEnded=true, bCleanupResources=true
[2020.10.06-14.39.57:856][161]LogSlate: InvalidateAllWidgets triggered.  All widgets were invalidated
[2020.10.06-14.39.57:856][161]MapCheck: New page: Map Check
[2020.10.06-14.39.57:856][161]LightingResults: New page: Lighting Build
[2020.10.06-14.39.57:879][161]LogAISub: UAISubsystem::~UAISubsystem EnvQueryManager (000001EB432EE400), frame # 161
[2020.10.06-14.39.57:879][161]LogAISub: UAISubsystem::~UAISubsystem AIPerceptionSystem (000001EB4343DBC0), frame # 161
[2020.10.06-14.39.57:881][161]LogUObjectHash: Compacting FUObjectHashTables data took   1.74ms
[2020.10.06-14.39.58:096][161]LogEditorServer: Finished looking for orphan Actors (0.000 secs)
[2020.10.06-14.39.58:097][161]LogAIModule: Creating AISystem for world Pong_Map
[2020.10.06-14.39.58:097][161]LogAISub: UAISubsystem::UAISubsystem EnvQueryManager (000001EB59BC1800), frame # 161
[2020.10.06-14.39.58:097][161]LogAISub: UAISubsystem::UAISubsystem AIPerceptionSystem (000001EB4DD16340), frame # 161
[2020.10.06-14.39.58:125][161]LogUObjectHash: Compacting FUObjectHashTables data took   1.77ms
[2020.10.06-14.39.58:190][161]Cmd: MAP CHECKDEP NOCLEARLOG
[2020.10.06-14.39.58:191][161]MapCheck: Map check complete: 0 Error(s), 0 Warning(s), took 0.405ms to complete.
[2020.10.06-14.39.58:191][161]LogFileHelpers: Loading map 'Pong_Map' took 0.336
[2020.10.06-14.40.23:956][889]LogAssetEditorSubsystem: Opening Asset editor for Blueprint /Game/Ball_BP.Ball_BP
[2020.10.06-14.40.24:427][889]LogContentBrowser: Native class hierarchy updated for 'BlueprintGraph' in 0.0008 seconds. Added 125 classes and 0 folders.
[2020.10.06-14.40.26:023][889]LogSlate: Took 0.000335 seconds to synchronously load lazily loaded font '../../../Engine/Content/Slate/Fonts/Roboto-BoldCondensed.ttf' (158K)
[2020.10.06-14.40.26:129][890]LogSlate: Took 0.001154 seconds to synchronously load lazily loaded font '../../../Engine/Content/Slate/Fonts/Roboto-Italic.ttf' (157K)
[2020.10.06-14.41.20:057][817]LogRenderer: Reallocating scene render targets to support 716x420 Format 10 NumSamples 1 (Frame:1).
[2020.10.06-14.41.34:464][201]LogRenderer: Reallocating scene render targets to support 716x520 Format 10 NumSamples 1 (Frame:390).
[2020.10.06-15.16.18:410][395]LogUObjectHash: Compacting FUObjectHashTables data took   3.41ms
[2020.10.06-15.16.18:417][395]LogFileHelpers: Editor autosave (incl. sublevels) for '/Game/Pong_Map' took 0.043
[2020.10.06-15.16.18:418][395]OBJ SavePackage: Generating thumbnails for [1] asset(s) in package [/Game/Ball_BP] ([1] browsable assets)...
[2020.10.06-15.16.18:446][395]OBJ SavePackage:     Rendered thumbnail for [Blueprint /Game/Ball_BP.Ball_BP]
[2020.10.06-15.16.18:446][395]OBJ SavePackage: Finished generating thumbnails for package [/Game/Ball_BP]
[2020.10.06-15.16.18:530][395]LogSavePackage: Moving '../../../../../../Users/dangv/Documents/Github Repositories/Unreal/Pong/UE4Pong_CurrentVersion/Pong/Saved/Ball_BP_Auto1C0B7A8BE48DF1BD1FF580CB64D0091CC.tmp' to '../../../../../../Users/dangv/Documents/Github Repositories/Unreal/Pong/UE4Pong_CurrentVersion/Pong/Saved/Autosaves/Game/Ball_BP_Auto1.uasset'
[2020.10.06-15.16.18:531][395]LogFileHelpers: Auto-saving content packages took 0.114
[2020.10.06-15.18.56:506][932]BlueprintLog: New page: Compile Ball_BP
[2020.10.06-15.18.56:569][932]LogUObjectHash: Compacting FUObjectHashTables data took   2.33ms
[2020.10.06-15.18.56:673][932]LogSlate: Took 0.001067 seconds to synchronously load lazily loaded font '../../../Engine/Content/Slate/Fonts/DroidSansMono.ttf' (77K)
[2020.10.06-15.19.11:391][703]LogTemp: Repeating last play command: Selected Viewport
[2020.10.06-15.19.11:409][703]LogPlayLevel: PlayLevel: No blueprints needed recompiling
[2020.10.06-15.19.11:410][703]PIE: New page: PIE session: Pong_Map (Oct 6, 2020, 5:19:11 AM)
[2020.10.06-15.19.11:411][703]LogOnline: OSS: Creating online subsystem instance for: NULL
[2020.10.06-15.19.11:413][703]LogOnline: OSS: TryLoadSubsystemAndSetDefault: Loaded subsystem for module [NULL]
[2020.10.06-15.19.11:413][703]LogPlayLevel: Creating play world package: /Game/UEDPIE_0_Pong_Map
[2020.10.06-15.19.11:419][703]LogPlayLevel: PIE: StaticDuplicateObject took: (0.006047s)
[2020.10.06-15.19.11:420][703]LogAIModule: Creating AISystem for world Pong_Map
[2020.10.06-15.19.11:421][703]LogAISub: UAISubsystem::UAISubsystem EnvQueryManager (000001EB742E6600), frame # 20703
[2020.10.06-15.19.11:421][703]LogAISub: UAISubsystem::UAISubsystem AIPerceptionSystem (000001EB1166A340), frame # 20703
[2020.10.06-15.19.11:421][703]LogPlayLevel: PIE: World Init took: (0.001836s)
[2020.10.06-15.19.11:421][703]LogPlayLevel: PIE: Created PIE world by copying editor world from /Game/Pong_Map.Pong_Map to /Game/UEDPIE_0_Pong_Map.Pong_Map (0.008081s)
[2020.10.06-15.19.11:443][703]LogUObjectHash: Compacting FUObjectHashTables data took   2.57ms
[2020.10.06-15.19.11:444][703]LogAudioMixer: Display: Audio Mixer Platform Settings:
[2020.10.06-15.19.11:445][703]LogAudioMixer: Display: 	Sample Rate:						  48000
[2020.10.06-15.19.11:445][703]LogAudioMixer: Display: 	Callback Buffer Frame Size Requested: 1024
[2020.10.06-15.19.11:445][703]LogAudioMixer: Display: 	Callback Buffer Frame Size To Use:	  1024
[2020.10.06-15.19.11:445][703]LogAudioMixer: Display: 	Number of buffers to queue:			  2
[2020.10.06-15.19.11:445][703]LogAudioMixer: Display: 	Max Channels (voices):				  32
[2020.10.06-15.19.11:445][703]LogAudioMixer: Display: 	Number of Async Source Workers:		  0
[2020.10.06-15.19.11:445][703]LogAudio: Display: AudioDevice MaxSources: 32
[2020.10.06-15.19.11:445][703]LogAudio: Display: Using built-in audio occlusion.
[2020.10.06-15.19.11:445][703]LogAudioMixer: Display: Initializing audio mixer.
[2020.10.06-15.19.11:449][703]LogAudioMixer: Display: 0: FrontLeft
[2020.10.06-15.19.11:449][703]LogAudioMixer: Display: 1: FrontRight
[2020.10.06-15.19.11:492][703]LogAudioMixer: Display: Using Audio Device Speakers (Realtek(R) Audio)
[2020.10.06-15.19.11:492][703]LogAudioMixer: Display: Initializing Sound Submixes...
[2020.10.06-15.19.11:492][703]LogAudioMixer: Display: Creating Master Submix 'MasterSubmixDefault'
[2020.10.06-15.19.11:492][703]LogAudioMixer: Display: Creating Master Submix 'MasterReverbSubmixDefault'
[2020.10.06-15.19.11:493][703]LogAudioMixer: Display: Creating Master Submix 'MasterEQSubmixDefault'
[2020.10.06-15.19.11:495][703]LogInit: FAudioDevice initialized.
[2020.10.06-15.19.11:527][703]LogLoad: Game class is 'BP_GameMode_C'
[2020.10.06-15.19.11:532][703]LogWorld: Bringing World /Game/UEDPIE_0_Pong_Map.Pong_Map up for play (max tick rate 60) at 2020.10.06-10.19.11
[2020.10.06-15.19.11:532][703]LogWorld: Bringing up level for play took: 0.001651
[2020.10.06-15.19.11:532][703]LogOnline: OSS: Creating online subsystem instance for: :Context_6
[2020.10.06-15.19.11:548][703]LogContentBrowser: Native class hierarchy updated for 'MovieSceneCapture' in 0.0007 seconds. Added 20 classes and 0 folders.
[2020.10.06-15.19.11:550][703]PIE: Server logged in
[2020.10.06-15.19.11:551][703]PIE: Play in editor total start time 0.143 seconds.
[2020.10.06-15.19.15:157][892]LogSlate: Updating window title bar state: overlay mode, drag disabled, window buttons hidden, title bar hidden
[2020.10.06-15.19.15:157][892]LogWorld: BeginTearingDown for /Game/UEDPIE_0_Pong_Map
[2020.10.06-15.19.15:157][892]LogWorld: UWorld::CleanupWorld for Pong_Map, bSessionEnded=true, bCleanupResources=true
[2020.10.06-15.19.15:157][892]LogSlate: InvalidateAllWidgets triggered.  All widgets were invalidated
[2020.10.06-15.19.15:171][892]LogPlayLevel: Display: Shutting down PIE online subsystems
[2020.10.06-15.19.15:175][892]LogSlate: InvalidateAllWidgets triggered.  All widgets were invalidated
[2020.10.06-15.19.15:228][892]LogSlate: Updating window title bar state: overlay mode, drag disabled, window buttons hidden, title bar hidden
[2020.10.06-15.19.15:230][892]LogAISub: UAISubsystem::~UAISubsystem AIPerceptionSystem (000001EB1166A340), frame # 20892
[2020.10.06-15.19.15:230][892]LogAISub: UAISubsystem::~UAISubsystem EnvQueryManager (000001EB742E6600), frame # 20892
[2020.10.06-15.19.15:265][892]LogUObjectHash: Compacting FUObjectHashTables data took   3.91ms
[2020.10.06-15.19.15:292][893]LogPlayLevel: Display: Destroying online subsystem :Context_6
[2020.10.06-15.19.17:843][ 46]LogTemp: Repeating last play command: Selected Viewport
[2020.10.06-15.19.17:861][ 46]LogPlayLevel: PlayLevel: No blueprints needed recompiling
[2020.10.06-15.19.17:861][ 46]PIE: New page: PIE session: Pong_Map (Oct 6, 2020, 5:19:17 AM)
[2020.10.06-15.19.17:861][ 46]LogPlayLevel: Creating play world package: /Game/UEDPIE_0_Pong_Map
[2020.10.06-15.19.17:866][ 46]LogPlayLevel: PIE: StaticDuplicateObject took: (0.004393s)
[2020.10.06-15.19.17:867][ 46]LogAIModule: Creating AISystem for world Pong_Map
[2020.10.06-15.19.17:867][ 46]LogAISub: UAISubsystem::UAISubsystem EnvQueryManager (000001EB7104C200), frame # 21046
[2020.10.06-15.19.17:867][ 46]LogAISub: UAISubsystem::UAISubsystem AIPerceptionSystem (000001EB8713EFC0), frame # 21046
[2020.10.06-15.19.17:867][ 46]LogPlayLevel: PIE: World Init took: (0.001880s)
[2020.10.06-15.19.17:868][ 46]LogPlayLevel: PIE: Created PIE world by copying editor world from /Game/Pong_Map.Pong_Map to /Game/UEDPIE_0_Pong_Map.Pong_Map (0.006434s)
[2020.10.06-15.19.17:898][ 46]LogUObjectHash: Compacting FUObjectHashTables data took   3.03ms
[2020.10.06-15.19.17:900][ 46]LogAudioMixer: Display: Audio Mixer Platform Settings:
[2020.10.06-15.19.17:900][ 46]LogAudioMixer: Display: 	Sample Rate:						  48000
[2020.10.06-15.19.17:900][ 46]LogAudioMixer: Display: 	Callback Buffer Frame Size Requested: 1024
[2020.10.06-15.19.17:900][ 46]LogAudioMixer: Display: 	Callback Buffer Frame Size To Use:	  1024
[2020.10.06-15.19.17:900][ 46]LogAudioMixer: Display: 	Number of buffers to queue:			  2
[2020.10.06-15.19.17:900][ 46]LogAudioMixer: Display: 	Max Channels (voices):				  32
[2020.10.06-15.19.17:900][ 46]LogAudioMixer: Display: 	Number of Async Source Workers:		  0
[2020.10.06-15.19.17:900][ 46]LogAudio: Display: AudioDevice MaxSources: 32
[2020.10.06-15.19.17:900][ 46]LogAudio: Display: Using built-in audio occlusion.
[2020.10.06-15.19.17:900][ 46]LogAudioMixer: Display: Initializing audio mixer.
[2020.10.06-15.19.17:903][ 46]LogAudioMixer: Display: 0: FrontLeft
[2020.10.06-15.19.17:903][ 46]LogAudioMixer: Display: 1: FrontRight
[2020.10.06-15.19.17:942][ 46]LogAudioMixer: Display: Using Audio Device Speakers (Realtek(R) Audio)
[2020.10.06-15.19.17:942][ 46]LogAudioMixer: Display: Initializing Sound Submixes...
[2020.10.06-15.19.17:942][ 46]LogAudioMixer: Display: Creating Master Submix 'MasterSubmixDefault'
[2020.10.06-15.19.17:942][ 46]LogAudioMixer: Display: Creating Master Submix 'MasterReverbSubmixDefault'
[2020.10.06-15.19.17:943][ 46]LogAudioMixer: Display: Creating Master Submix 'MasterEQSubmixDefault'
[2020.10.06-15.19.17:962][ 46]LogInit: FAudioDevice initialized.
[2020.10.06-15.19.17:973][ 46]LogLoad: Game class is 'BP_GameMode_C'
[2020.10.06-15.19.17:975][ 46]LogWorld: Bringing World /Game/UEDPIE_0_Pong_Map.Pong_Map up for play (max tick rate 60) at 2020.10.06-10.19.17
[2020.10.06-15.19.17:975][ 46]LogWorld: Bringing up level for play took: 0.001606
[2020.10.06-15.19.17:976][ 46]LogOnline: OSS: Creating online subsystem instance for: :Context_7
[2020.10.06-15.19.17:978][ 46]PIE: Server logged in
[2020.10.06-15.19.17:979][ 46]PIE: Play in editor total start time 0.12 seconds.
[2020.10.06-15.19.23:597][374]LogSlate: Updating window title bar state: overlay mode, drag disabled, window buttons hidden, title bar hidden
[2020.10.06-15.19.23:598][374]LogWorld: BeginTearingDown for /Game/UEDPIE_0_Pong_Map
[2020.10.06-15.19.23:598][374]LogWorld: UWorld::CleanupWorld for Pong_Map, bSessionEnded=true, bCleanupResources=true
[2020.10.06-15.19.23:598][374]LogSlate: InvalidateAllWidgets triggered.  All widgets were invalidated
[2020.10.06-15.19.23:610][374]LogPlayLevel: Display: Shutting down PIE online subsystems
[2020.10.06-15.19.23:613][374]LogSlate: InvalidateAllWidgets triggered.  All widgets were invalidated
[2020.10.06-15.19.23:663][374]LogSlate: Updating window title bar state: overlay mode, drag disabled, window buttons hidden, title bar hidden
[2020.10.06-15.19.23:664][374]LogAISub: UAISubsystem::~UAISubsystem AIPerceptionSystem (000001EB8713EFC0), frame # 21374
[2020.10.06-15.19.23:664][374]LogAISub: UAISubsystem::~UAISubsystem EnvQueryManager (000001EB7104C200), frame # 21374
[2020.10.06-15.19.23:668][374]LogUObjectHash: Compacting FUObjectHashTables data took   3.02ms
[2020.10.06-15.19.23:694][375]LogPlayLevel: Display: Destroying online subsystem :Context_7
[2020.10.06-15.19.44:625][523]BlueprintLog: New page: Compile Ball_BP
[2020.10.06-15.19.44:696][523]LogUObjectHash: Compacting FUObjectHashTables data took   3.36ms
[2020.10.06-15.19.48:645][749]LogTemp: Repeating last play command: Selected Viewport
[2020.10.06-15.19.48:663][749]LogPlayLevel: PlayLevel: No blueprints needed recompiling
[2020.10.06-15.19.48:663][749]PIE: New page: PIE session: Pong_Map (Oct 6, 2020, 5:19:48 AM)
[2020.10.06-15.19.48:663][749]LogPlayLevel: Creating play world package: /Game/UEDPIE_0_Pong_Map
[2020.10.06-15.19.48:667][749]LogPlayLevel: PIE: StaticDuplicateObject took: (0.003960s)
[2020.10.06-15.19.48:668][749]LogAIModule: Creating AISystem for world Pong_Map
[2020.10.06-15.19.48:669][749]LogAISub: UAISubsystem::UAISubsystem EnvQueryManager (000001EB7FC7E200), frame # 22749
[2020.10.06-15.19.48:669][749]LogAISub: UAISubsystem::UAISubsystem AIPerceptionSystem (000001EB7FCC0900), frame # 22749
[2020.10.06-15.19.48:669][749]LogPlayLevel: PIE: World Init took: (0.001687s)
[2020.10.06-15.19.48:669][749]LogPlayLevel: PIE: Created PIE world by copying editor world from /Game/Pong_Map.Pong_Map to /Game/UEDPIE_0_Pong_Map.Pong_Map (0.005837s)
[2020.10.06-15.19.48:698][749]LogUObjectHash: Compacting FUObjectHashTables data took   4.05ms
[2020.10.06-15.19.48:699][749]LogAudioMixer: Display: Audio Mixer Platform Settings:
[2020.10.06-15.19.48:699][749]LogAudioMixer: Display: 	Sample Rate:						  48000
[2020.10.06-15.19.48:700][749]LogAudioMixer: Display: 	Callback Buffer Frame Size Requested: 1024
[2020.10.06-15.19.48:700][749]LogAudioMixer: Display: 	Callback Buffer Frame Size To Use:	  1024
[2020.10.06-15.19.48:700][749]LogAudioMixer: Display: 	Number of buffers to queue:			  2
[2020.10.06-15.19.48:700][749]LogAudioMixer: Display: 	Max Channels (voices):				  32
[2020.10.06-15.19.48:700][749]LogAudioMixer: Display: 	Number of Async Source Workers:		  0
[2020.10.06-15.19.48:700][749]LogAudio: Display: AudioDevice MaxSources: 32
[2020.10.06-15.19.48:700][749]LogAudio: Display: Using built-in audio occlusion.
[2020.10.06-15.19.48:700][749]LogAudioMixer: Display: Initializing audio mixer.
[2020.10.06-15.19.48:703][749]LogAudioMixer: Display: 0: FrontLeft
[2020.10.06-15.19.48:703][749]LogAudioMixer: Display: 1: FrontRight
[2020.10.06-15.19.48:742][749]LogAudioMixer: Display: Using Audio Device Speakers (Realtek(R) Audio)
[2020.10.06-15.19.48:743][749]LogAudioMixer: Display: Initializing Sound Submixes...
[2020.10.06-15.19.48:743][749]LogAudioMixer: Display: Creating Master Submix 'MasterSubmixDefault'
[2020.10.06-15.19.48:743][749]LogAudioMixer: Display: Creating Master Submix 'MasterReverbSubmixDefault'
[2020.10.06-15.19.48:743][749]LogAudioMixer: Display: Creating Master Submix 'MasterEQSubmixDefault'
[2020.10.06-15.19.48:762][749]LogInit: FAudioDevice initialized.
[2020.10.06-15.19.48:769][749]LogLoad: Game class is 'BP_GameMode_C'
[2020.10.06-15.19.48:771][749]LogWorld: Bringing World /Game/UEDPIE_0_Pong_Map.Pong_Map up for play (max tick rate 60) at 2020.10.06-10.19.48
[2020.10.06-15.19.48:771][749]LogWorld: Bringing up level for play took: 0.001227
[2020.10.06-15.19.48:771][749]LogOnline: OSS: Creating online subsystem instance for: :Context_8
[2020.10.06-15.19.48:774][749]PIE: Server logged in
[2020.10.06-15.19.48:775][749]PIE: Play in editor total start time 0.114 seconds.
[2020.10.06-15.19.50:840][873]LogBlueprintUserMessages: [Ball_BP_6] Reverse
[2020.10.06-15.19.54:591][ 98]LogBlueprintUserMessages: [Ball_BP_6] Reverse
[2020.10.06-15.19.58:341][323]LogBlueprintUserMessages: [Ball_BP_6] Reverse
[2020.10.06-15.20.01:267][496]LogSlate: Updating window title bar state: overlay mode, drag disabled, window buttons hidden, title bar hidden
[2020.10.06-15.20.01:267][496]LogWorld: BeginTearingDown for /Game/UEDPIE_0_Pong_Map
[2020.10.06-15.20.01:267][496]LogWorld: UWorld::CleanupWorld for Pong_Map, bSessionEnded=true, bCleanupResources=true
[2020.10.06-15.20.01:267][496]LogSlate: InvalidateAllWidgets triggered.  All widgets were invalidated
[2020.10.06-15.20.01:280][496]LogPlayLevel: Display: Shutting down PIE online subsystems
[2020.10.06-15.20.01:284][496]LogSlate: InvalidateAllWidgets triggered.  All widgets were invalidated
[2020.10.06-15.20.01:311][496]LogSlate: Updating window title bar state: overlay mode, drag disabled, window buttons hidden, title bar hidden
[2020.10.06-15.20.01:336][496]LogAISub: UAISubsystem::~UAISubsystem EnvQueryManager (000001EB7FC7E200), frame # 23496
[2020.10.06-15.20.01:336][496]LogAISub: UAISubsystem::~UAISubsystem AIPerceptionSystem (000001EB7FCC0900), frame # 23496
[2020.10.06-15.20.01:340][496]LogUObjectHash: Compacting FUObjectHashTables data took   3.01ms
[2020.10.06-15.20.01:370][497]LogPlayLevel: Display: Destroying online subsystem :Context_8
[2020.10.06-15.21.51:820][817]LogTemp: Repeating last play command: Selected Viewport
[2020.10.06-15.21.51:839][817]LogPlayLevel: PlayLevel: No blueprints needed recompiling
[2020.10.06-15.21.51:839][817]PIE: New page: PIE session: Pong_Map (Oct 6, 2020, 5:21:51 AM)
[2020.10.06-15.21.51:864][817]LogPlayLevel: Creating play world package: /Game/UEDPIE_0_Pong_Map
[2020.10.06-15.21.51:868][817]LogPlayLevel: PIE: StaticDuplicateObject took: (0.004117s)
[2020.10.06-15.21.51:869][817]LogAIModule: Creating AISystem for world Pong_Map
[2020.10.06-15.21.51:869][817]LogAISub: UAISubsystem::UAISubsystem EnvQueryManager (000001EB7FC7C200), frame # 24817
[2020.10.06-15.21.51:870][817]LogAISub: UAISubsystem::UAISubsystem AIPerceptionSystem (000001EBA27FC7C0), frame # 24817
[2020.10.06-15.21.51:870][817]LogPlayLevel: PIE: World Init took: (0.001382s)
[2020.10.06-15.21.51:870][817]LogPlayLevel: PIE: Created PIE world by copying editor world from /Game/Pong_Map.Pong_Map to /Game/UEDPIE_0_Pong_Map.Pong_Map (0.005697s)
[2020.10.06-15.21.51:900][817]LogUObjectHash: Compacting FUObjectHashTables data took   2.96ms
[2020.10.06-15.21.51:902][817]LogAudioMixer: Display: Audio Mixer Platform Settings:
[2020.10.06-15.21.51:902][817]LogAudioMixer: Display: 	Sample Rate:						  48000
[2020.10.06-15.21.51:902][817]LogAudioMixer: Display: 	Callback Buffer Frame Size Requested: 1024
[2020.10.06-15.21.51:902][817]LogAudioMixer: Display: 	Callback Buffer Frame Size To Use:	  1024
[2020.10.06-15.21.51:902][817]LogAudioMixer: Display: 	Number of buffers to queue:			  2
[2020.10.06-15.21.51:902][817]LogAudioMixer: Display: 	Max Channels (voices):				  32
[2020.10.06-15.21.51:902][817]LogAudioMixer: Display: 	Number of Async Source Workers:		  0
[2020.10.06-15.21.51:902][817]LogAudio: Display: AudioDevice MaxSources: 32
[2020.10.06-15.21.51:902][817]LogAudio: Display: Using built-in audio occlusion.
[2020.10.06-15.21.51:902][817]LogAudioMixer: Display: Initializing audio mixer.
[2020.10.06-15.21.51:906][817]LogAudioMixer: Display: 0: FrontLeft
[2020.10.06-15.21.51:906][817]LogAudioMixer: Display: 1: FrontRight
[2020.10.06-15.21.51:945][817]LogAudioMixer: Display: Using Audio Device Speakers (Realtek(R) Audio)
[2020.10.06-15.21.51:945][817]LogAudioMixer: Display: Initializing Sound Submixes...
[2020.10.06-15.21.51:945][817]LogAudioMixer: Display: Creating Master Submix 'MasterSubmixDefault'
[2020.10.06-15.21.51:945][817]LogAudioMixer: Display: Creating Master Submix 'MasterReverbSubmixDefault'
[2020.10.06-15.21.51:946][817]LogAudioMixer: Display: Creating Master Submix 'MasterEQSubmixDefault'
[2020.10.06-15.21.51:962][817]LogInit: FAudioDevice initialized.
[2020.10.06-15.21.51:974][817]LogLoad: Game class is 'BP_GameMode_C'
[2020.10.06-15.21.51:976][817]LogWorld: Bringing World /Game/UEDPIE_0_Pong_Map.Pong_Map up for play (max tick rate 0) at 2020.10.06-10.21.51
[2020.10.06-15.21.51:976][817]LogWorld: Bringing up level for play took: 0.001233
[2020.10.06-15.21.51:976][817]LogOnline: OSS: Creating online subsystem instance for: :Context_9
[2020.10.06-15.21.51:979][817]PIE: Server logged in
[2020.10.06-15.21.51:979][817]PIE: Play in editor total start time 0.143 seconds.
[2020.10.06-15.21.54:020][ 61]LogBlueprintUserMessages: [Ball_BP_6] Reverse
[2020.10.06-15.21.57:079][428]LogBlueprintUserMessages: [Ball_BP_6] Reverse
[2020.10.06-15.21.59:938][771]LogBlueprintUserMessages: [Ball_BP_6] Reverse
[2020.10.06-15.22.03:338][179]LogBlueprintUserMessages: [Ball_BP_6] Reverse
[2020.10.06-15.22.05:921][489]LogBlueprintUserMessages: [Ball_BP_6] Reverse
[2020.10.06-15.22.08:221][765]LogBlueprintUserMessages: [Ball_BP_6] Reverse
[2020.10.06-15.22.09:742][941]LogBlueprintUserMessages: [Ball_BP_6] Reverse
[2020.10.06-15.22.11:789][185]LogBlueprintUserMessages: [Ball_BP_6] Reverse
[2020.10.06-15.22.13:522][393]LogBlueprintUserMessages: [Ball_BP_6] Reverse
[2020.10.06-15.22.14:873][555]LogBlueprintUserMessages: [Ball_BP_6] Reverse
[2020.10.06-15.22.17:306][847]LogBlueprintUserMessages: [Ball_BP_6] Reverse
[2020.10.06-15.22.23:257][561]LogBlueprintUserMessages: [Ball_BP_6] Reverse
[2020.10.06-15.22.27:032][ 14]LogBlueprintUserMessages: [Ball_BP_6] Reverse
[2020.10.06-15.22.30:807][467]LogBlueprintUserMessages: [Ball_BP_6] Reverse
[2020.10.06-15.22.36:760][168]LogBlueprintUserMessages: [Ball_BP_6] Reverse
[2020.10.06-15.22.40:294][592]LogBlueprintUserMessages: [Ball_BP_6] Reverse
[2020.10.06-15.22.42:710][882]LogBlueprintUserMessages: [Ball_BP_6] Reverse
[2020.10.06-15.22.43:779][  5]LogSlate: Updating window title bar state: overlay mode, drag disabled, window buttons hidden, title bar hidden
[2020.10.06-15.22.43:779][  5]LogWorld: BeginTearingDown for /Game/UEDPIE_0_Pong_Map
[2020.10.06-15.22.43:779][  5]LogWorld: UWorld::CleanupWorld for Pong_Map, bSessionEnded=true, bCleanupResources=true
[2020.10.06-15.22.43:780][  5]LogSlate: InvalidateAllWidgets triggered.  All widgets were invalidated
[2020.10.06-15.22.43:789][  5]LogPlayLevel: Display: Shutting down PIE online subsystems
[2020.10.06-15.22.43:793][  5]LogSlate: InvalidateAllWidgets triggered.  All widgets were invalidated
[2020.10.06-15.22.43:845][  5]LogSlate: Updating window title bar state: overlay mode, drag disabled, window buttons hidden, title bar hidden
[2020.10.06-15.22.43:846][  5]LogAISub: UAISubsystem::~UAISubsystem AIPerceptionSystem (000001EBA27FC7C0), frame # 31005
[2020.10.06-15.22.43:846][  5]LogAISub: UAISubsystem::~UAISubsystem EnvQueryManager (000001EB7FC7C200), frame # 31005
[2020.10.06-15.22.43:849][  5]LogUObjectHash: Compacting FUObjectHashTables data took   2.92ms
[2020.10.06-15.22.43:878][  6]LogPlayLevel: Display: Destroying online subsystem :Context_9
